# JRE version: OpenJDK Runtime Environment Temurin-21.0.11+10 (21.0.11+10) (build 21.0.11+10-LTS)
# Java VM: OpenJDK 64-Bit Server VM Temurin-21.0.11+10 (21.0.11+10-LTS, mixed mode, sharing, tiered, compressed oops, compressed class ptrs, parallel gc, windows-amd64)
GC Precious Log:
 CardTable entry size: 512
 CPUs: 12 total, 12 available
 Memory: 7480M
 Large Page Support: Disabled
 NUMA Support: Disabled
 Compressed Oops: Enabled (32-bit)
 Alignments: Space 512K, Generation 512K, Heap 2M
 Heap Min Capacity: 100M
 Heap Initial Capacity: 100M
 Heap Max Capacity: 2G
 Pre-touch: Disabled
 Parallel Workers: 10
Heap:
 PSYoungGen      total 8704K, used 2218K [0x00000000d5580000, 0x00000000d6200000, 0x0000000100000000)
  eden space 8192K, 22% used [0x00000000d5580000,0x00000000d574aa60,0x00000000d5d80000)
  from space 512K, 75% used [0x00000000d6100000,0x00000000d6160000,0x00000000d6180000)
  to   space 512K, 0% used [0x00000000d6180000,0x00000000d6180000,0x00000000d6200000)
 ParOldGen       total 206336K, used 205739K [0x0000000080000000, 0x000000008c980000, 0x00000000d5580000)
  object space 206336K, 99% used [0x0000000080000000,0x000000008c8eae60,0x000000008c980000)
 Metaspace       used 76866K, committed 78464K, reserved 1179648K
  class space    used 8380K, committed 9088K, reserved 1048576K
GC Heap History (20 events):
Event: 70.329 GC heap before
{Heap before GC invocations=159 (full 3):
 PSYoungGen      total 9216K, used 8960K [0x00000000d5580000, 0x00000000d6480000, 0x0000000100000000)
  eden space 8192K, 100% used [0x00000000d5580000,0x00000000d5d80000,0x00000000d5d80000)
  from space 1024K, 75% used [0x00000000d5d80000,0x00000000d5e40020,0x00000000d5e80000)
  to   space 2560K, 0% used [0x00000000d6200000,0x00000000d6200000,0x00000000d6480000)
 ParOldGen       total 118272K, used 117856K [0x0000000080000000, 0x0000000087380000, 0x00000000d5580000)
  object space 118272K, 99% used [0x0000000080000000,0x0000000087318120,0x0000000087380000)
 Metaspace       used 72493K, committed 73984K, reserved 1179648K
  class space    used 7828K, committed 8512K, reserved 1048576K
}
Event: 70.333 GC heap after
{Heap after GC invocations=159 (full 3):
 PSYoungGen      total 9216K, used 928K [0x00000000d5580000, 0x00000000d6300000, 0x0000000100000000)
  eden space 8192K, 0% used [0x00000000d5580000,0x00000000d5580000,0x00000000d5d80000)
  from space 1024K, 90% used [0x00000000d6200000,0x00000000d62e8000,0x00000000d6300000)
  to   space 1536K, 0% used [0x00000000d6000000,0x00000000d6000000,0x00000000d6180000)
 ParOldGen       total 118784K, used 118454K [0x0000000080000000, 0x0000000087400000, 0x00000000d5580000)
  object space 118784K, 99% used [0x0000000080000000,0x00000000873adbb0,0x0000000087400000)
 Metaspace       used 72493K, committed 73984K, reserved 1179648K
  class space    used 7828K, committed 8512K, reserved 1048576K
}
Event: 70.390 GC heap before
{Heap before GC invocations=160 (full 3):
 PSYoungGen      total 9216K, used 9120K [0x00000000d5580000, 0x00000000d6300000, 0x0000000100000000)
  eden space 8192K, 100% used [0x00000000d5580000,0x00000000d5d80000,0x00000000d5d80000)
  from space 1024K, 90% used [0x00000000d6200000,0x00000000d62e8000,0x00000000d6300000)
  to   space 1536K, 0% used [0x00000000d6000000,0x00000000d6000000,0x00000000d6180000)
 ParOldGen       total 118784K, used 118454K [0x0000000080000000, 0x0000000087400000, 0x00000000d5580000)
  object space 118784K, 99% used [0x0000000080000000,0x00000000873adbb0,0x0000000087400000)
 Metaspace       used 72637K, committed 74240K, reserved 1179648K
  class space    used 7847K, committed 8576K, reserved 1048576K
}
Event: 70.391 GC heap after
{Heap after GC invocations=160 (full 3):
 PSYoungGen      total 9728K, used 1248K [0x00000000d5580000, 0x00000000d6280000, 0x0000000100000000)
  eden space 8192K, 0% used [0x00000000d5580000,0x00000000d5580000,0x00000000d5d80000)
  from space 1536K, 81% used [0x00000000d6000000,0x00000000d6138000,0x00000000d6180000)
  to   space 1024K, 0% used [0x00000000d6180000,0x00000000d6180000,0x00000000d6280000)
 ParOldGen       total 119296K, used 119254K [0x0000000080000000, 0x0000000087480000, 0x00000000d5580000)
  object space 119296K, 99% used [0x0000000080000000,0x0000000087475bb0,0x0000000087480000)
 Metaspace       used 72637K, committed 74240K, reserved 1179648K
  class space    used 7847K, committed 8576K, reserved 1048576K
}
Event: 70.567 GC heap before
{Heap before GC invocations=161 (full 3):
 PSYoungGen      total 9728K, used 9440K [0x00000000d5580000, 0x00000000d6280000, 0x0000000100000000)
  eden space 8192K, 100% used [0x00000000d5580000,0x00000000d5d80000,0x00000000d5d80000)
  from space 1536K, 81% used [0x00000000d6000000,0x00000000d6138000,0x00000000d6180000)
  to   space 1024K, 0% used [0x00000000d6180000,0x00000000d6180000,0x00000000d6280000)
 ParOldGen       total 182784K, used 180695K [0x0000000080000000, 0x000000008b280000, 0x00000000d5580000)
  object space 182784K, 98% used [0x0000000080000000,0x000000008b075c10,0x000000008b280000)
 Metaspace       used 73258K, committed 74880K, reserved 1179648K
  class space    used 7917K, committed 8640K, reserved 1048576K
}
Event: 70.569 GC heap after
{Heap after GC invocations=161 (full 3):
 PSYoungGen      total 9216K, used 581K [0x00000000d5580000, 0x00000000d6280000, 0x0000000100000000)
  eden space 8192K, 0% used [0x00000000d5580000,0x00000000d5580000,0x00000000d5d80000)
  from space 1024K, 56% used [0x00000000d6180000,0x00000000d6211420,0x00000000d6280000)
  to   space 1024K, 0% used [0x00000000d6080000,0x00000000d6080000,0x00000000d6180000)
 ParOldGen       total 182784K, used 181139K [0x0000000080000000, 0x000000008b280000, 0x00000000d5580000)
  object space 182784K, 99% used [0x0000000080000000,0x000000008b0e4c20,0x000000008b280000)
 Metaspace       used 73258K, committed 74880K, reserved 1179648K
  class space    used 7917K, committed 8640K, reserved 1048576K
}
Event: 70.586 GC heap before
{Heap before GC invocations=162 (full 3):
 PSYoungGen      total 9216K, used 8773K [0x00000000d5580000, 0x00000000d6280000, 0x0000000100000000)
  eden space 8192K, 100% used [0x00000000d5580000,0x00000000d5d80000,0x00000000d5d80000)
  from space 1024K, 56% used [0x00000000d6180000,0x00000000d6211420,0x00000000d6280000)
  to   space 1024K, 0% used [0x00000000d6080000,0x00000000d6080000,0x00000000d6180000)
 ParOldGen       total 206336K, used 204179K [0x0000000080000000, 0x000000008c980000, 0x00000000d5580000)
  object space 206336K, 98% used [0x0000000080000000,0x000000008c764c40,0x000000008c980000)
 Metaspace       used 73274K, committed 74880K, reserved 1179648K
  class space    used 7918K, committed 8640K, reserved 1048576K
}
Event: 70.587 GC heap after
{Heap after GC invocations=162 (full 3):
 PSYoungGen      total 9216K, used 352K [0x00000000d5580000, 0x00000000d6200000, 0x0000000100000000)
  eden space 8192K, 0% used [0x00000000d5580000,0x00000000d5580000,0x00000000d5d80000)
  from space 1024K, 34% used [0x00000000d6080000,0x00000000d60d8000,0x00000000d6180000)
  to   space 512K, 0% used [0x00000000d6180000,0x00000000d6180000,0x00000000d6200000)
 ParOldGen       total 206336K, used 204611K [0x0000000080000000, 0x000000008c980000, 0x00000000d5580000)
  object space 206336K, 99% used [0x0000000080000000,0x000000008c7d0c30,0x000000008c980000)
 Metaspace       used 73274K, committed 74880K, reserved 1179648K
  class space    used 7918K, committed 8640K, reserved 1048576K
}
Event: 70.793 GC heap before
{Heap before GC invocations=163 (full 3):
 PSYoungGen      total 9216K, used 8544K [0x00000000d5580000, 0x00000000d6200000, 0x0000000100000000)
  eden space 8192K, 100% used [0x00000000d5580000,0x00000000d5d80000,0x00000000d5d80000)
  from space 1024K, 34% used [0x00000000d6080000,0x00000000d60d8000,0x00000000d6180000)
  to   space 512K, 0% used [0x00000000d6180000,0x00000000d6180000,0x00000000d6200000)
 ParOldGen       total 206336K, used 204611K [0x0000000080000000, 0x000000008c980000, 0x00000000d5580000)
  object space 206336K, 99% used [0x0000000080000000,0x000000008c7d0c30,0x000000008c980000)
 Metaspace       used 73408K, committed 75008K, reserved 1179648K
  class space    used 7929K, committed 8640K, reserved 1048576K
}
Event: 70.794 GC heap after
{Heap after GC invocations=163 (full 3):
 PSYoungGen      total 8704K, used 460K [0x00000000d5580000, 0x00000000d6200000, 0x0000000100000000)
  eden space 8192K, 0% used [0x00000000d5580000,0x00000000d5580000,0x00000000d5d80000)
  from space 512K, 89% used [0x00000000d6180000,0x00000000d61f31a0,0x00000000d6200000)
  to   space 512K, 0% used [0x00000000d6100000,0x00000000d6100000,0x00000000d6180000)
 ParOldGen       total 206336K, used 204683K [0x0000000080000000, 0x000000008c980000, 0x00000000d5580000)
  object space 206336K, 99% used [0x0000000080000000,0x000000008c7e2c30,0x000000008c980000)
 Metaspace       used 73408K, committed 75008K, reserved 1179648K
  class space    used 7929K, committed 8640K, reserved 1048576K
}
Event: 71.033 GC heap before
{Heap before GC invocations=164 (full 3):
 PSYoungGen      total 8704K, used 8651K [0x00000000d5580000, 0x00000000d6200000, 0x0000000100000000)
  eden space 8192K, 99% used [0x00000000d5580000,0x00000000d5d7fba8,0x00000000d5d80000)
  from space 512K, 89% used [0x00000000d6180000,0x00000000d61f31a0,0x00000000d6200000)
  to   space 512K, 0% used [0x00000000d6100000,0x00000000d6100000,0x00000000d6180000)
 ParOldGen       total 206336K, used 204683K [0x0000000080000000, 0x000000008c980000, 0x00000000d5580000)
  object space 206336K, 99% used [0x0000000080000000,0x000000008c7e2c30,0x000000008c980000)
 Metaspace       used 73461K, committed 75008K, reserved 1179648K
  class space    used 7938K, committed 8640K, reserved 1048576K
}
Event: 71.034 GC heap after
{Heap after GC invocations=164 (full 3):
 PSYoungGen      total 8704K, used 288K [0x00000000d5580000, 0x00000000d6200000, 0x0000000100000000)
  eden space 8192K, 0% used [0x00000000d5580000,0x00000000d5580000,0x00000000d5d80000)
  from space 512K, 56% used [0x00000000d6100000,0x00000000d6148000,0x00000000d6180000)
  to   space 512K, 0% used [0x00000000d6180000,0x00000000d6180000,0x00000000d6200000)
 ParOldGen       total 206336K, used 204795K [0x0000000080000000, 0x000000008c980000, 0x00000000d5580000)
  object space 206336K, 99% used [0x0000000080000000,0x000000008c7fec30,0x000000008c980000)
 Metaspace       used 73461K, committed 75008K, reserved 1179648K
  class space    used 7938K, committed 8640K, reserved 1048576K
}
Event: 71.371 GC heap before
{Heap before GC invocations=165 (full 3):
 PSYoungGen      total 8704K, used 8338K [0x00000000d5580000, 0x00000000d6200000, 0x0000000100000000)
  eden space 8192K, 98% used [0x00000000d5580000,0x00000000d5d5c8a0,0x00000000d5d80000)
  from space 512K, 56% used [0x00000000d6100000,0x00000000d6148000,0x00000000d6180000)
  to   space 512K, 0% used [0x00000000d6180000,0x00000000d6180000,0x00000000d6200000)
 ParOldGen       total 206336K, used 204795K [0x0000000080000000, 0x000000008c980000, 0x00000000d5580000)
  object space 206336K, 99% used [0x0000000080000000,0x000000008c7fec30,0x000000008c980000)
 Metaspace       used 74474K, committed 76032K, reserved 1179648K
  class space    used 8053K, committed 8768K, reserved 1048576K
}
Event: 71.372 GC heap after
{Heap after GC invocations=165 (full 3):
 PSYoungGen      total 8704K, used 496K [0x00000000d5580000, 0x00000000d6200000, 0x0000000100000000)
  eden space 8192K, 0% used [0x00000000d5580000,0x00000000d5580000,0x00000000d5d80000)
  from space 512K, 96% used [0x00000000d6180000,0x00000000d61fc1e0,0x00000000d6200000)
  to   space 1024K, 0% used [0x00000000d6000000,0x00000000d6000000,0x00000000d6100000)
 ParOldGen       total 206336K, used 205082K [0x0000000080000000, 0x000000008c980000, 0x00000000d5580000)
  object space 206336K, 99% used [0x0000000080000000,0x000000008c846868,0x000000008c980000)
 Metaspace       used 74474K, committed 76032K, reserved 1179648K
  class space    used 8053K, committed 8768K, reserved 1048576K
}
Event: 71.521 GC heap before
{Heap before GC invocations=166 (full 3):
 PSYoungGen      total 8704K, used 8688K [0x00000000d5580000, 0x00000000d6200000, 0x0000000100000000)
  eden space 8192K, 100% used [0x00000000d5580000,0x00000000d5d80000,0x00000000d5d80000)
  from space 512K, 96% used [0x00000000d6180000,0x00000000d61fc1e0,0x00000000d6200000)
  to   space 1024K, 0% used [0x00000000d6000000,0x00000000d6000000,0x00000000d6100000)
 ParOldGen       total 206336K, used 205082K [0x0000000080000000, 0x000000008c980000, 0x00000000d5580000)
  object space 206336K, 99% used [0x0000000080000000,0x000000008c846868,0x000000008c980000)
 Metaspace       used 75393K, committed 76928K, reserved 1179648K
  class space    used 8203K, committed 8896K, reserved 1048576K
}
Event: 71.522 GC heap after
{Heap after GC invocations=166 (full 3):
 PSYoungGen      total 9216K, used 304K [0x00000000d5580000, 0x00000000d6200000, 0x0000000100000000)
  eden space 8192K, 0% used [0x00000000d5580000,0x00000000d5580000,0x00000000d5d80000)
  from space 1024K, 29% used [0x00000000d6000000,0x00000000d604c010,0x00000000d6100000)
  to   space 512K, 0% used [0x00000000d6180000,0x00000000d6180000,0x00000000d6200000)
 ParOldGen       total 206336K, used 205291K [0x0000000080000000, 0x000000008c980000, 0x00000000d5580000)
  object space 206336K, 99% used [0x0000000080000000,0x000000008c87ae20,0x000000008c980000)
 Metaspace       used 75393K, committed 76928K, reserved 1179648K
  class space    used 8203K, committed 8896K, reserved 1048576K
}
Event: 72.691 GC heap before
{Heap before GC invocations=167 (full 3):
 PSYoungGen      total 9216K, used 8496K [0x00000000d5580000, 0x00000000d6200000, 0x0000000100000000)
  eden space 8192K, 100% used [0x00000000d5580000,0x00000000d5d80000,0x00000000d5d80000)
  from space 1024K, 29% used [0x00000000d6000000,0x00000000d604c010,0x00000000d6100000)
  to   space 512K, 0% used [0x00000000d6180000,0x00000000d6180000,0x00000000d6200000)
 ParOldGen       total 206336K, used 205291K [0x0000000080000000, 0x000000008c980000, 0x00000000d5580000)
  object space 206336K, 99% used [0x0000000080000000,0x000000008c87ae20,0x000000008c980000)
 Metaspace       used 76414K, committed 78080K, reserved 1179648K
  class space    used 8344K, committed 9088K, reserved 1048576K
}
Event: 72.692 GC heap after
{Heap after GC invocations=167 (full 3):
 PSYoungGen      total 8704K, used 448K [0x00000000d5580000, 0x00000000d6200000, 0x0000000100000000)
  eden space 8192K, 0% used [0x00000000d5580000,0x00000000d5580000,0x00000000d5d80000)
  from space 512K, 87% used [0x00000000d6180000,0x00000000d61f0000,0x00000000d6200000)
  to   space 512K, 0% used [0x00000000d6100000,0x00000000d6100000,0x00000000d6180000)
 ParOldGen       total 206336K, used 205467K [0x0000000080000000, 0x000000008c980000, 0x00000000d5580000)
  object space 206336K, 99% used [0x0000000080000000,0x000000008c8a6e50,0x000000008c980000)
 Metaspace       used 76414K, committed 78080K, reserved 1179648K
  class space    used 8344K, committed 9088K, reserved 1048576K
}
Event: 4498.460 GC heap before
{Heap before GC invocations=168 (full 3):
 PSYoungGen      total 8704K, used 8640K [0x00000000d5580000, 0x00000000d6200000, 0x0000000100000000)
  eden space 8192K, 100% used [0x00000000d5580000,0x00000000d5d80000,0x00000000d5d80000)
  from space 512K, 87% used [0x00000000d6180000,0x00000000d61f0000,0x00000000d6200000)
  to   space 512K, 0% used [0x00000000d6100000,0x00000000d6100000,0x00000000d6180000)
 ParOldGen       total 206336K, used 205467K [0x0000000080000000, 0x000000008c980000, 0x00000000d5580000)
  object space 206336K, 99% used [0x0000000080000000,0x000000008c8a6e50,0x000000008c980000)
 Metaspace       used 76854K, committed 78464K, reserved 1179648K
  class space    used 8380K, committed 9088K, reserved 1048576K
}
Event: 4498.630 GC heap after
{Heap after GC invocations=168 (full 3):
 PSYoungGen      total 8704K, used 384K [0x00000000d5580000, 0x00000000d6200000, 0x0000000100000000)
  eden space 8192K, 0% used [0x00000000d5580000,0x00000000d5580000,0x00000000d5d80000)
  from space 512K, 75% used [0x00000000d6100000,0x00000000d6160000,0x00000000d6180000)
  to   space 512K, 0% used [0x00000000d6180000,0x00000000d6180000,0x00000000d6200000)
 ParOldGen       total 206336K, used 205739K [0x0000000080000000, 0x000000008c980000, 0x00000000d5580000)
  object space 206336K, 99% used [0x0000000080000000,0x000000008c8eae60,0x000000008c980000)
 Metaspace       used 76854K, committed 78464K, reserved 1179648K
  class space    used 8380K, committed 9088K, reserved 1048576K
}

