# JRE version: OpenJDK Runtime Environment Temurin-21.0.10+7 (21.0.10+7) (build 21.0.10+7-LTS)
# Java VM: OpenJDK 64-Bit Server VM Temurin-21.0.10+7 (21.0.10+7-LTS, mixed mode, sharing, tiered, compressed oops, compressed class ptrs, parallel gc, windows-amd64)
GC Precious Log:
 CardTable entry size: 512
 CPUs: 12 total, 12 available
 Memory: 7480M
 Large Page Support: Disabled
 NUMA Support: Disabled
 Compressed Oops: Enabled (32-bit)
 Alignments: Space 512K, Generation 512K, Heap 2M
 Heap Min Capacity: 100M
 Heap Initial Capacity: 100M
 Heap Max Capacity: 2G
 Pre-touch: Disabled
 Parallel Workers: 10
Heap:
 PSYoungGen      total 22016K, used 19475K [0x00000000d5580000, 0x00000000d6c00000, 0x0000000100000000)
  eden space 19968K, 95% used [0x00000000d5580000,0x00000000d6834e00,0x00000000d6900000)
  from space 2048K, 15% used [0x00000000d6900000,0x00000000d6950000,0x00000000d6b00000)
  to   space 1024K, 0% used [0x00000000d6b00000,0x00000000d6b00000,0x00000000d6c00000)
 ParOldGen       total 68608K, used 30900K [0x0000000080000000, 0x0000000084300000, 0x00000000d5580000)
  object space 68608K, 45% used [0x0000000080000000,0x0000000081e2d3a8,0x0000000084300000)
 Metaspace       used 41249K, committed 42304K, reserved 1114112K
  class space    used 4145K, committed 4608K, reserved 1048576K
GC Heap History (20 events):
Event: 36.619 GC heap before
{Heap before GC invocations=12 (full 1):
 PSYoungGen      total 24576K, used 24528K [0x00000000d5580000, 0x00000000d7300000, 0x0000000100000000)
  eden space 22016K, 99% used [0x00000000d5580000,0x00000000d6afbd58,0x00000000d6b00000)
  from space 2560K, 98% used [0x00000000d7080000,0x00000000d72f8688,0x00000000d7300000)
  to   space 3584K, 0% used [0x00000000d6c00000,0x00000000d6c00000,0x00000000d6f80000)
 ParOldGen       total 68608K, used 13257K [0x0000000080000000, 0x0000000084300000, 0x00000000d5580000)
  object space 68608K, 19% used [0x0000000080000000,0x0000000080cf24a8,0x0000000084300000)
 Metaspace       used 34828K, committed 35840K, reserved 1114112K
  class space    used 3518K, committed 3968K, reserved 1048576K
}
Event: 36.625 GC heap after
{Heap after GC invocations=12 (full 1):
 PSYoungGen      total 25600K, used 3565K [0x00000000d5580000, 0x00000000d7800000, 0x0000000100000000)
  eden space 22016K, 0% used [0x00000000d5580000,0x00000000d5580000,0x00000000d6b00000)
  from space 3584K, 99% used [0x00000000d6c00000,0x00000000d6f7b540,0x00000000d6f80000)
  to   space 6656K, 0% used [0x00000000d7180000,0x00000000d7180000,0x00000000d7800000)
 ParOldGen       total 68608K, used 15668K [0x0000000080000000, 0x0000000084300000, 0x00000000d5580000)
  object space 68608K, 22% used [0x0000000080000000,0x0000000080f4d080,0x0000000084300000)
 Metaspace       used 34828K, committed 35840K, reserved 1114112K
  class space    used 3518K, committed 3968K, reserved 1048576K
}
Event: 36.687 GC heap before
{Heap before GC invocations=13 (full 1):
 PSYoungGen      total 25600K, used 8182K [0x00000000d5580000, 0x00000000d7800000, 0x0000000100000000)
  eden space 22016K, 20% used [0x00000000d5580000,0x00000000d5a026a0,0x00000000d6b00000)
  from space 3584K, 99% used [0x00000000d6c00000,0x00000000d6f7b540,0x00000000d6f80000)
  to   space 6656K, 0% used [0x00000000d7180000,0x00000000d7180000,0x00000000d7800000)
 ParOldGen       total 68608K, used 15668K [0x0000000080000000, 0x0000000084300000, 0x00000000d5580000)
  object space 68608K, 22% used [0x0000000080000000,0x0000000080f4d080,0x0000000084300000)
 Metaspace       used 34877K, committed 35840K, reserved 1114112K
  class space    used 3522K, committed 3968K, reserved 1048576K
}
Event: 36.690 GC heap after
{Heap after GC invocations=13 (full 1):
 PSYoungGen      total 23040K, used 800K [0x00000000d5580000, 0x00000000d7280000, 0x0000000100000000)
  eden space 22016K, 0% used [0x00000000d5580000,0x00000000d5580000,0x00000000d6b00000)
  from space 1024K, 78% used [0x00000000d7180000,0x00000000d7248010,0x00000000d7280000)
  to   space 3072K, 0% used [0x00000000d6c80000,0x00000000d6c80000,0x00000000d6f80000)
 ParOldGen       total 68608K, used 19128K [0x0000000080000000, 0x0000000084300000, 0x00000000d5580000)
  object space 68608K, 27% used [0x0000000080000000,0x00000000812ae048,0x0000000084300000)
 Metaspace       used 34877K, committed 35840K, reserved 1114112K
  class space    used 3522K, committed 3968K, reserved 1048576K
}
Event: 36.690 GC heap before
{Heap before GC invocations=14 (full 2):
 PSYoungGen      total 23040K, used 800K [0x00000000d5580000, 0x00000000d7280000, 0x0000000100000000)
  eden space 22016K, 0% used [0x00000000d5580000,0x00000000d5580000,0x00000000d6b00000)
  from space 1024K, 78% used [0x00000000d7180000,0x00000000d7248010,0x00000000d7280000)
  to   space 3072K, 0% used [0x00000000d6c80000,0x00000000d6c80000,0x00000000d6f80000)
 ParOldGen       total 68608K, used 19128K [0x0000000080000000, 0x0000000084300000, 0x00000000d5580000)
  object space 68608K, 27% used [0x0000000080000000,0x00000000812ae048,0x0000000084300000)
 Metaspace       used 34877K, committed 35840K, reserved 1114112K
  class space    used 3522K, committed 3968K, reserved 1048576K
}
Event: 36.800 GC heap after
{Heap after GC invocations=14 (full 2):
 PSYoungGen      total 23040K, used 0K [0x00000000d5580000, 0x00000000d7280000, 0x0000000100000000)
  eden space 22016K, 0% used [0x00000000d5580000,0x00000000d5580000,0x00000000d6b00000)
  from space 1024K, 0% used [0x00000000d7180000,0x00000000d7180000,0x00000000d7280000)
  to   space 3072K, 0% used [0x00000000d6c80000,0x00000000d6c80000,0x00000000d6f80000)
 ParOldGen       total 68608K, used 18481K [0x0000000080000000, 0x0000000084300000, 0x00000000d5580000)
  object space 68608K, 26% used [0x0000000080000000,0x000000008120c6b8,0x0000000084300000)
 Metaspace       used 34877K, committed 35840K, reserved 1114112K
  class space    used 3522K, committed 3968K, reserved 1048576K
}
Event: 37.049 GC heap before
{Heap before GC invocations=15 (full 2):
 PSYoungGen      total 23040K, used 22016K [0x00000000d5580000, 0x00000000d7280000, 0x0000000100000000)
  eden space 22016K, 100% used [0x00000000d5580000,0x00000000d6b00000,0x00000000d6b00000)
  from space 1024K, 0% used [0x00000000d7180000,0x00000000d7180000,0x00000000d7280000)
  to   space 3072K, 0% used [0x00000000d6c80000,0x00000000d6c80000,0x00000000d6f80000)
 ParOldGen       total 68608K, used 18481K [0x0000000080000000, 0x0000000084300000, 0x00000000d5580000)
  object space 68608K, 26% used [0x0000000080000000,0x000000008120c6b8,0x0000000084300000)
 Metaspace       used 35359K, committed 36288K, reserved 1114112K
  class space    used 3623K, committed 4032K, reserved 1048576K
}
Event: 37.052 GC heap after
{Heap after GC invocations=15 (full 2):
 PSYoungGen      total 25088K, used 2818K [0x00000000d5580000, 0x00000000d7200000, 0x0000000100000000)
  eden space 22016K, 0% used [0x00000000d5580000,0x00000000d5580000,0x00000000d6b00000)
  from space 3072K, 91% used [0x00000000d6c80000,0x00000000d6f40840,0x00000000d6f80000)
  to   space 2560K, 0% used [0x00000000d6f80000,0x00000000d6f80000,0x00000000d7200000)
 ParOldGen       total 68608K, used 18489K [0x0000000080000000, 0x0000000084300000, 0x00000000d5580000)
  object space 68608K, 26% used [0x0000000080000000,0x000000008120e6b8,0x0000000084300000)
 Metaspace       used 35359K, committed 36288K, reserved 1114112K
  class space    used 3623K, committed 4032K, reserved 1048576K
}
Event: 37.422 GC heap before
{Heap before GC invocations=16 (full 2):
 PSYoungGen      total 25088K, used 24824K [0x00000000d5580000, 0x00000000d7200000, 0x0000000100000000)
  eden space 22016K, 99% used [0x00000000d5580000,0x00000000d6afd9f8,0x00000000d6b00000)
  from space 3072K, 91% used [0x00000000d6c80000,0x00000000d6f40840,0x00000000d6f80000)
  to   space 2560K, 0% used [0x00000000d6f80000,0x00000000d6f80000,0x00000000d7200000)
 ParOldGen       total 68608K, used 18489K [0x0000000080000000, 0x0000000084300000, 0x00000000d5580000)
  object space 68608K, 26% used [0x0000000080000000,0x000000008120e6b8,0x0000000084300000)
 Metaspace       used 35670K, committed 36672K, reserved 1114112K
  class space    used 3649K, committed 4096K, reserved 1048576K
}
Event: 37.429 GC heap after
{Heap after GC invocations=16 (full 2):
 PSYoungGen      total 22528K, used 2532K [0x00000000d5580000, 0x00000000d7800000, 0x0000000100000000)
  eden space 19968K, 0% used [0x00000000d5580000,0x00000000d5580000,0x00000000d6900000)
  from space 2560K, 98% used [0x00000000d6f80000,0x00000000d71f9000,0x00000000d7200000)
  to   space 6656K, 0% used [0x00000000d6900000,0x00000000d6900000,0x00000000d6f80000)
 ParOldGen       total 68608K, used 21585K [0x0000000080000000, 0x0000000084300000, 0x00000000d5580000)
  object space 68608K, 31% used [0x0000000080000000,0x0000000081514790,0x0000000084300000)
 Metaspace       used 35670K, committed 36672K, reserved 1114112K
  class space    used 3649K, committed 4096K, reserved 1048576K
}
Event: 37.633 GC heap before
{Heap before GC invocations=17 (full 2):
 PSYoungGen      total 22528K, used 22500K [0x00000000d5580000, 0x00000000d7800000, 0x0000000100000000)
  eden space 19968K, 100% used [0x00000000d5580000,0x00000000d6900000,0x00000000d6900000)
  from space 2560K, 98% used [0x00000000d6f80000,0x00000000d71f9000,0x00000000d7200000)
  to   space 6656K, 0% used [0x00000000d6900000,0x00000000d6900000,0x00000000d6f80000)
 ParOldGen       total 68608K, used 21585K [0x0000000080000000, 0x0000000084300000, 0x00000000d5580000)
  object space 68608K, 31% used [0x0000000080000000,0x0000000081514790,0x0000000084300000)
 Metaspace       used 36067K, committed 37056K, reserved 1114112K
  class space    used 3676K, committed 4096K, reserved 1048576K
}
Event: 37.637 GC heap after
{Heap after GC invocations=17 (full 2):
 PSYoungGen      total 23040K, used 2848K [0x00000000d5580000, 0x00000000d7100000, 0x0000000100000000)
  eden space 19968K, 0% used [0x00000000d5580000,0x00000000d5580000,0x00000000d6900000)
  from space 3072K, 92% used [0x00000000d6900000,0x00000000d6bc8010,0x00000000d6c00000)
  to   space 4096K, 0% used [0x00000000d6d00000,0x00000000d6d00000,0x00000000d7100000)
 ParOldGen       total 68608K, used 24045K [0x0000000080000000, 0x0000000084300000, 0x00000000d5580000)
  object space 68608K, 35% used [0x0000000080000000,0x000000008177b790,0x0000000084300000)
 Metaspace       used 36067K, committed 37056K, reserved 1114112K
  class space    used 3676K, committed 4096K, reserved 1048576K
}
Event: 37.750 GC heap before
{Heap before GC invocations=18 (full 2):
 PSYoungGen      total 23040K, used 22816K [0x00000000d5580000, 0x00000000d7100000, 0x0000000100000000)
  eden space 19968K, 100% used [0x00000000d5580000,0x00000000d6900000,0x00000000d6900000)
  from space 3072K, 92% used [0x00000000d6900000,0x00000000d6bc8010,0x00000000d6c00000)
  to   space 4096K, 0% used [0x00000000d6d00000,0x00000000d6d00000,0x00000000d7100000)
 ParOldGen       total 68608K, used 24045K [0x0000000080000000, 0x0000000084300000, 0x00000000d5580000)
  object space 68608K, 35% used [0x0000000080000000,0x000000008177b790,0x0000000084300000)
 Metaspace       used 36188K, committed 37184K, reserved 1114112K
  class space    used 3693K, committed 4096K, reserved 1048576K
}
Event: 37.755 GC heap after
{Heap after GC invocations=18 (full 2):
 PSYoungGen      total 23040K, used 2733K [0x00000000d5580000, 0x00000000d7000000, 0x0000000100000000)
  eden space 19968K, 0% used [0x00000000d5580000,0x00000000d5580000,0x00000000d6900000)
  from space 3072K, 88% used [0x00000000d6d00000,0x00000000d6fab508,0x00000000d7000000)
  to   space 3072K, 0% used [0x00000000d6900000,0x00000000d6900000,0x00000000d6c00000)
 ParOldGen       total 68608K, used 26707K [0x0000000080000000, 0x0000000084300000, 0x00000000d5580000)
  object space 68608K, 38% used [0x0000000080000000,0x0000000081a14eb8,0x0000000084300000)
 Metaspace       used 36188K, committed 37184K, reserved 1114112K
  class space    used 3693K, committed 4096K, reserved 1048576K
}
Event: 38.361 GC heap before
{Heap before GC invocations=19 (full 2):
 PSYoungGen      total 23040K, used 22690K [0x00000000d5580000, 0x00000000d7000000, 0x0000000100000000)
  eden space 19968K, 99% used [0x00000000d5580000,0x00000000d68fd628,0x00000000d6900000)
  from space 3072K, 88% used [0x00000000d6d00000,0x00000000d6fab508,0x00000000d7000000)
  to   space 3072K, 0% used [0x00000000d6900000,0x00000000d6900000,0x00000000d6c00000)
 ParOldGen       total 68608K, used 26707K [0x0000000080000000, 0x0000000084300000, 0x00000000d5580000)
  object space 68608K, 38% used [0x0000000080000000,0x0000000081a14eb8,0x0000000084300000)
 Metaspace       used 37601K, committed 38528K, reserved 1114112K
  class space    used 3838K, committed 4288K, reserved 1048576K
}
Event: 38.367 GC heap after
{Heap after GC invocations=19 (full 2):
 PSYoungGen      total 22528K, used 2217K [0x00000000d5580000, 0x00000000d6e00000, 0x0000000100000000)
  eden space 19968K, 0% used [0x00000000d5580000,0x00000000d5580000,0x00000000d6900000)
  from space 2560K, 86% used [0x00000000d6900000,0x00000000d6b2a738,0x00000000d6b80000)
  to   space 2560K, 0% used [0x00000000d6b80000,0x00000000d6b80000,0x00000000d6e00000)
 ParOldGen       total 68608K, used 29220K [0x0000000080000000, 0x0000000084300000, 0x00000000d5580000)
  object space 68608K, 42% used [0x0000000080000000,0x0000000081c890b8,0x0000000084300000)
 Metaspace       used 37601K, committed 38528K, reserved 1114112K
  class space    used 3838K, committed 4288K, reserved 1048576K
}
Event: 38.503 GC heap before
{Heap before GC invocations=20 (full 2):
 PSYoungGen      total 22528K, used 22185K [0x00000000d5580000, 0x00000000d6e00000, 0x0000000100000000)
  eden space 19968K, 100% used [0x00000000d5580000,0x00000000d6900000,0x00000000d6900000)
  from space 2560K, 86% used [0x00000000d6900000,0x00000000d6b2a738,0x00000000d6b80000)
  to   space 2560K, 0% used [0x00000000d6b80000,0x00000000d6b80000,0x00000000d6e00000)
 ParOldGen       total 68608K, used 29220K [0x0000000080000000, 0x0000000084300000, 0x00000000d5580000)
  object space 68608K, 42% used [0x0000000080000000,0x0000000081c890b8,0x0000000084300000)
 Metaspace       used 38000K, committed 38976K, reserved 1114112K
  class space    used 3864K, committed 4288K, reserved 1048576K
}
Event: 38.505 GC heap after
{Heap after GC invocations=20 (full 2):
 PSYoungGen      total 21504K, used 1323K [0x00000000d5580000, 0x00000000d6d00000, 0x0000000100000000)
  eden space 19968K, 0% used [0x00000000d5580000,0x00000000d5580000,0x00000000d6900000)
  from space 1536K, 86% used [0x00000000d6b80000,0x00000000d6ccac28,0x00000000d6d00000)
  to   space 2048K, 0% used [0x00000000d6900000,0x00000000d6900000,0x00000000d6b00000)
 ParOldGen       total 68608K, used 30820K [0x0000000080000000, 0x0000000084300000, 0x00000000d5580000)
  object space 68608K, 44% used [0x0000000080000000,0x0000000081e193a8,0x0000000084300000)
 Metaspace       used 38000K, committed 38976K, reserved 1114112K
  class space    used 3864K, committed 4288K, reserved 1048576K
}
Event: 39.624 GC heap before
{Heap before GC invocations=21 (full 2):
 PSYoungGen      total 21504K, used 21291K [0x00000000d5580000, 0x00000000d6d00000, 0x0000000100000000)
  eden space 19968K, 100% used [0x00000000d5580000,0x00000000d6900000,0x00000000d6900000)
  from space 1536K, 86% used [0x00000000d6b80000,0x00000000d6ccac28,0x00000000d6d00000)
  to   space 2048K, 0% used [0x00000000d6900000,0x00000000d6900000,0x00000000d6b00000)
 ParOldGen       total 68608K, used 30820K [0x0000000080000000, 0x0000000084300000, 0x00000000d5580000)
  object space 68608K, 44% used [0x0000000080000000,0x0000000081e193a8,0x0000000084300000)
 Metaspace       used 39061K, committed 40064K, reserved 1114112K
  class space    used 3955K, committed 4416K, reserved 1048576K
}
Event: 39.625 GC heap after
{Heap after GC invocations=21 (full 2):
 PSYoungGen      total 22016K, used 320K [0x00000000d5580000, 0x00000000d6c00000, 0x0000000100000000)
  eden space 19968K, 0% used [0x00000000d5580000,0x00000000d5580000,0x00000000d6900000)
  from space 2048K, 15% used [0x00000000d6900000,0x00000000d6950000,0x00000000d6b00000)
  to   space 1024K, 0% used [0x00000000d6b00000,0x00000000d6b00000,0x00000000d6c00000)
 ParOldGen       total 68608K, used 30900K [0x0000000080000000, 0x0000000084300000, 0x00000000d5580000)
  object space 68608K, 45% used [0x0000000080000000,0x0000000081e2d3a8,0x0000000084300000)
 Metaspace       used 39061K, committed 40064K, reserved 1114112K
  class space    used 3955K, committed 4416K, reserved 1048576K
}

