# JRE version: OpenJDK Runtime Environment Temurin-21.0.10+7 (21.0.10+7) (build 21.0.10+7-LTS)
# Java VM: OpenJDK 64-Bit Server VM Temurin-21.0.10+7 (21.0.10+7-LTS, mixed mode, sharing, tiered, compressed oops, compressed class ptrs, parallel gc, windows-amd64)
GC Precious Log:
 CardTable entry size: 512
 CPUs: 12 total, 12 available
 Memory: 7480M
 Large Page Support: Disabled
 NUMA Support: Disabled
 Compressed Oops: Enabled (32-bit)
 Alignments: Space 512K, Generation 512K, Heap 2M
 Heap Min Capacity: 100M
 Heap Initial Capacity: 100M
 Heap Max Capacity: 2G
 Pre-touch: Disabled
 Parallel Workers: 10
Heap:
 PSYoungGen      total 19456K, used 7061K [0x00000000d5580000, 0x00000000d6e00000, 0x0000000100000000)
  eden space 15872K, 24% used [0x00000000d5580000,0x00000000d59454b8,0x00000000d6500000)
  from space 3584K, 89% used [0x00000000d6500000,0x00000000d6820010,0x00000000d6880000)
  to   space 4608K, 0% used [0x00000000d6980000,0x00000000d6980000,0x00000000d6e00000)
 ParOldGen       total 99840K, used 90578K [0x0000000080000000, 0x0000000086180000, 0x00000000d5580000)
  object space 99840K, 90% used [0x0000000080000000,0x0000000085874a60,0x0000000086180000)
 Metaspace       used 72318K, committed 73792K, reserved 1179648K
  class space    used 7614K, committed 8256K, reserved 1048576K
GC Heap History (20 events):
Event: 50.638 GC heap before
{Heap before GC invocations=88 (full 3):
 PSYoungGen      total 15872K, used 15844K [0x00000000d5580000, 0x00000000d6880000, 0x0000000100000000)
  eden space 14848K, 100% used [0x00000000d5580000,0x00000000d6400000,0x00000000d6400000)
  from space 1024K, 97% used [0x00000000d6780000,0x00000000d6879098,0x00000000d6880000)
  to   space 2048K, 0% used [0x00000000d6480000,0x00000000d6480000,0x00000000d6680000)
 ParOldGen       total 88064K, used 87903K [0x0000000080000000, 0x0000000085600000, 0x00000000d5580000)
  object space 88064K, 99% used [0x0000000080000000,0x00000000855d7ed8,0x0000000085600000)
 Metaspace       used 71004K, committed 72512K, reserved 1114112K
  class space    used 7570K, committed 8192K, reserved 1048576K
}
Event: 54.666 GC heap after
{Heap after GC invocations=88 (full 3):
 PSYoungGen      total 15872K, used 15844K [0x00000000d5580000, 0x00000000d6880000, 0x0000000100000000)
  eden space 14848K, 100% used [0x00000000d5580000,0x00000000d6400000,0x00000000d6400000)
  from space 1024K, 97% used [0x00000000d6780000,0x00000000d6879098,0x00000000d6880000)
  to   space 2048K, 39% used [0x00000000d6480000,0x00000000d6548000,0x00000000d6680000)
 ParOldGen       total 89088K, used 88795K [0x0000000080000000, 0x0000000085700000, 0x00000000d5580000)
  object space 89088K, 99% used [0x0000000080000000,0x00000000856b6fd0,0x0000000085700000)
 Metaspace       used 71004K, committed 72512K, reserved 1114112K
  class space    used 7570K, committed 8192K, reserved 1048576K
}
Event: 54.666 GC heap before
{Heap before GC invocations=89 (full 4):
 PSYoungGen      total 15872K, used 15844K [0x00000000d5580000, 0x00000000d6880000, 0x0000000100000000)
  eden space 14848K, 100% used [0x00000000d5580000,0x00000000d6400000,0x00000000d6400000)
  from space 1024K, 97% used [0x00000000d6780000,0x00000000d6879098,0x00000000d6880000)
  to   space 2048K, 39% used [0x00000000d6480000,0x00000000d6548000,0x00000000d6680000)
 ParOldGen       total 89088K, used 88795K [0x0000000080000000, 0x0000000085700000, 0x00000000d5580000)
  object space 89088K, 99% used [0x0000000080000000,0x00000000856b6fd0,0x0000000085700000)
 Metaspace       used 71004K, committed 72512K, reserved 1114112K
  class space    used 7570K, committed 8192K, reserved 1048576K
}
Event: 54.832 GC heap after
{Heap after GC invocations=89 (full 4):
 PSYoungGen      total 17408K, used 0K [0x00000000d5580000, 0x00000000d6b00000, 0x0000000100000000)
  eden space 15360K, 0% used [0x00000000d5580000,0x00000000d5580000,0x00000000d6480000)
  from space 2048K, 0% used [0x00000000d6480000,0x00000000d6480000,0x00000000d6680000)
  to   space 2048K, 0% used [0x00000000d6900000,0x00000000d6900000,0x00000000d6b00000)
 ParOldGen       total 99840K, used 70857K [0x0000000080000000, 0x0000000086180000, 0x00000000d5580000)
  object space 99840K, 70% used [0x0000000080000000,0x0000000084532400,0x0000000086180000)
 Metaspace       used 71004K, committed 72512K, reserved 1114112K
  class space    used 7570K, committed 8192K, reserved 1048576K
}
Event: 54.962 GC heap before
{Heap before GC invocations=90 (full 4):
 PSYoungGen      total 17408K, used 15360K [0x00000000d5580000, 0x00000000d6b00000, 0x0000000100000000)
  eden space 15360K, 100% used [0x00000000d5580000,0x00000000d6480000,0x00000000d6480000)
  from space 2048K, 0% used [0x00000000d6480000,0x00000000d6480000,0x00000000d6680000)
  to   space 2048K, 0% used [0x00000000d6900000,0x00000000d6900000,0x00000000d6b00000)
 ParOldGen       total 99840K, used 70857K [0x0000000080000000, 0x0000000086180000, 0x00000000d5580000)
  object space 99840K, 70% used [0x0000000080000000,0x0000000084532400,0x0000000086180000)
 Metaspace       used 71311K, committed 72896K, reserved 1114112K
  class space    used 7599K, committed 8256K, reserved 1048576K
}
Event: 54.965 GC heap after
{Heap after GC invocations=90 (full 4):
 PSYoungGen      total 19456K, used 2019K [0x00000000d5580000, 0x00000000d6c80000, 0x0000000100000000)
  eden space 17408K, 0% used [0x00000000d5580000,0x00000000d5580000,0x00000000d6680000)
  from space 2048K, 98% used [0x00000000d6900000,0x00000000d6af8c90,0x00000000d6b00000)
  to   space 2560K, 0% used [0x00000000d6680000,0x00000000d6680000,0x00000000d6900000)
 ParOldGen       total 99840K, used 70945K [0x0000000080000000, 0x0000000086180000, 0x00000000d5580000)
  object space 99840K, 71% used [0x0000000080000000,0x0000000084548400,0x0000000086180000)
 Metaspace       used 71311K, committed 72896K, reserved 1114112K
  class space    used 7599K, committed 8256K, reserved 1048576K
}
Event: 55.028 GC heap before
{Heap before GC invocations=91 (full 4):
 PSYoungGen      total 19456K, used 19427K [0x00000000d5580000, 0x00000000d6c80000, 0x0000000100000000)
  eden space 17408K, 100% used [0x00000000d5580000,0x00000000d6680000,0x00000000d6680000)
  from space 2048K, 98% used [0x00000000d6900000,0x00000000d6af8c90,0x00000000d6b00000)
  to   space 2560K, 0% used [0x00000000d6680000,0x00000000d6680000,0x00000000d6900000)
 ParOldGen       total 99840K, used 70945K [0x0000000080000000, 0x0000000086180000, 0x00000000d5580000)
  object space 99840K, 71% used [0x0000000080000000,0x0000000084548400,0x0000000086180000)
 Metaspace       used 71416K, committed 72960K, reserved 1114112K
  class space    used 7601K, committed 8256K, reserved 1048576K
}
Event: 55.032 GC heap after
{Heap after GC invocations=91 (full 4):
 PSYoungGen      total 19968K, used 2555K [0x00000000d5580000, 0x00000000d7280000, 0x0000000100000000)
  eden space 17408K, 0% used [0x00000000d5580000,0x00000000d5580000,0x00000000d6680000)
  from space 2560K, 99% used [0x00000000d6680000,0x00000000d68fef38,0x00000000d6900000)
  to   space 6144K, 0% used [0x00000000d6c80000,0x00000000d6c80000,0x00000000d7280000)
 ParOldGen       total 99840K, used 73624K [0x0000000080000000, 0x0000000086180000, 0x00000000d5580000)
  object space 99840K, 73% used [0x0000000080000000,0x00000000847e6190,0x0000000086180000)
 Metaspace       used 71416K, committed 72960K, reserved 1114112K
  class space    used 7601K, committed 8256K, reserved 1048576K
}
Event: 55.198 GC heap before
{Heap before GC invocations=92 (full 4):
 PSYoungGen      total 19968K, used 19963K [0x00000000d5580000, 0x00000000d7280000, 0x0000000100000000)
  eden space 17408K, 100% used [0x00000000d5580000,0x00000000d6680000,0x00000000d6680000)
  from space 2560K, 99% used [0x00000000d6680000,0x00000000d68fef38,0x00000000d6900000)
  to   space 6144K, 0% used [0x00000000d6c80000,0x00000000d6c80000,0x00000000d7280000)
 ParOldGen       total 99840K, used 73624K [0x0000000080000000, 0x0000000086180000, 0x00000000d5580000)
  object space 99840K, 73% used [0x0000000080000000,0x00000000847e6190,0x0000000086180000)
 Metaspace       used 71605K, committed 73152K, reserved 1179648K
  class space    used 7608K, committed 8256K, reserved 1048576K
}
Event: 55.202 GC heap after
{Heap after GC invocations=92 (full 4):
 PSYoungGen      total 20480K, used 2595K [0x00000000d5580000, 0x00000000d6f80000, 0x0000000100000000)
  eden space 17408K, 0% used [0x00000000d5580000,0x00000000d5580000,0x00000000d6680000)
  from space 3072K, 84% used [0x00000000d6c80000,0x00000000d6f08ef0,0x00000000d6f80000)
  to   space 3584K, 0% used [0x00000000d6880000,0x00000000d6880000,0x00000000d6c00000)
 ParOldGen       total 99840K, used 76134K [0x0000000080000000, 0x0000000086180000, 0x00000000d5580000)
  object space 99840K, 76% used [0x0000000080000000,0x0000000084a59970,0x0000000086180000)
 Metaspace       used 71605K, committed 73152K, reserved 1179648K
  class space    used 7608K, committed 8256K, reserved 1048576K
}
Event: 55.292 GC heap before
{Heap before GC invocations=93 (full 4):
 PSYoungGen      total 20480K, used 20003K [0x00000000d5580000, 0x00000000d6f80000, 0x0000000100000000)
  eden space 17408K, 100% used [0x00000000d5580000,0x00000000d6680000,0x00000000d6680000)
  from space 3072K, 84% used [0x00000000d6c80000,0x00000000d6f08ef0,0x00000000d6f80000)
  to   space 3584K, 0% used [0x00000000d6880000,0x00000000d6880000,0x00000000d6c00000)
 ParOldGen       total 99840K, used 76134K [0x0000000080000000, 0x0000000086180000, 0x00000000d5580000)
  object space 99840K, 76% used [0x0000000080000000,0x0000000084a59970,0x0000000086180000)
 Metaspace       used 71734K, committed 73280K, reserved 1179648K
  class space    used 7611K, committed 8256K, reserved 1048576K
}
Event: 55.295 GC heap after
{Heap after GC invocations=93 (full 4):
 PSYoungGen      total 20992K, used 3552K [0x00000000d5580000, 0x00000000d7480000, 0x0000000100000000)
  eden space 17408K, 0% used [0x00000000d5580000,0x00000000d5580000,0x00000000d6680000)
  from space 3584K, 99% used [0x00000000d6880000,0x00000000d6bf8020,0x00000000d6c00000)
  to   space 7168K, 0% used [0x00000000d6d80000,0x00000000d6d80000,0x00000000d7480000)
 ParOldGen       total 99840K, used 78840K [0x0000000080000000, 0x0000000086180000, 0x00000000d5580000)
  object space 99840K, 78% used [0x0000000080000000,0x0000000084cfe0e8,0x0000000086180000)
 Metaspace       used 71734K, committed 73280K, reserved 1179648K
  class space    used 7611K, committed 8256K, reserved 1048576K
}
Event: 55.421 GC heap before
{Heap before GC invocations=94 (full 4):
 PSYoungGen      total 20992K, used 20960K [0x00000000d5580000, 0x00000000d7480000, 0x0000000100000000)
  eden space 17408K, 100% used [0x00000000d5580000,0x00000000d6680000,0x00000000d6680000)
  from space 3584K, 99% used [0x00000000d6880000,0x00000000d6bf8020,0x00000000d6c00000)
  to   space 7168K, 0% used [0x00000000d6d80000,0x00000000d6d80000,0x00000000d7480000)
 ParOldGen       total 99840K, used 78840K [0x0000000080000000, 0x0000000086180000, 0x00000000d5580000)
  object space 99840K, 78% used [0x0000000080000000,0x0000000084cfe0e8,0x0000000086180000)
 Metaspace       used 71873K, committed 73408K, reserved 1179648K
  class space    used 7611K, committed 8256K, reserved 1048576K
}
Event: 55.423 GC heap after
{Heap after GC invocations=94 (full 4):
 PSYoungGen      total 19456K, used 1888K [0x00000000d5580000, 0x00000000d6f80000, 0x0000000100000000)
  eden space 17408K, 0% used [0x00000000d5580000,0x00000000d5580000,0x00000000d6680000)
  from space 2048K, 92% used [0x00000000d6d80000,0x00000000d6f58000,0x00000000d6f80000)
  to   space 3584K, 0% used [0x00000000d6880000,0x00000000d6880000,0x00000000d6c00000)
 ParOldGen       total 99840K, used 82385K [0x0000000080000000, 0x0000000086180000, 0x00000000d5580000)
  object space 99840K, 82% used [0x0000000080000000,0x00000000850746e0,0x0000000086180000)
 Metaspace       used 71873K, committed 73408K, reserved 1179648K
  class space    used 7611K, committed 8256K, reserved 1048576K
}
Event: 55.516 GC heap before
{Heap before GC invocations=95 (full 4):
 PSYoungGen      total 19456K, used 19296K [0x00000000d5580000, 0x00000000d6f80000, 0x0000000100000000)
  eden space 17408K, 100% used [0x00000000d5580000,0x00000000d6680000,0x00000000d6680000)
  from space 2048K, 92% used [0x00000000d6d80000,0x00000000d6f58000,0x00000000d6f80000)
  to   space 3584K, 0% used [0x00000000d6880000,0x00000000d6880000,0x00000000d6c00000)
 ParOldGen       total 99840K, used 82385K [0x0000000080000000, 0x0000000086180000, 0x00000000d5580000)
  object space 99840K, 82% used [0x0000000080000000,0x00000000850746e0,0x0000000086180000)
 Metaspace       used 71972K, committed 73472K, reserved 1179648K
  class space    used 7612K, committed 8256K, reserved 1048576K
}
Event: 55.521 GC heap after
{Heap after GC invocations=95 (full 4):
 PSYoungGen      total 20992K, used 3328K [0x00000000d5580000, 0x00000000d6e80000, 0x0000000100000000)
  eden space 17408K, 0% used [0x00000000d5580000,0x00000000d5580000,0x00000000d6680000)
  from space 3584K, 92% used [0x00000000d6880000,0x00000000d6bc0010,0x00000000d6c00000)
  to   space 2560K, 0% used [0x00000000d6c00000,0x00000000d6c00000,0x00000000d6e80000)
 ParOldGen       total 99840K, used 84125K [0x0000000080000000, 0x0000000086180000, 0x00000000d5580000)
  object space 99840K, 84% used [0x0000000080000000,0x0000000085227750,0x0000000086180000)
 Metaspace       used 71972K, committed 73472K, reserved 1179648K
  class space    used 7612K, committed 8256K, reserved 1048576K
}
Event: 55.621 GC heap before
{Heap before GC invocations=96 (full 4):
 PSYoungGen      total 20992K, used 20736K [0x00000000d5580000, 0x00000000d6e80000, 0x0000000100000000)
  eden space 17408K, 100% used [0x00000000d5580000,0x00000000d6680000,0x00000000d6680000)
  from space 3584K, 92% used [0x00000000d6880000,0x00000000d6bc0010,0x00000000d6c00000)
  to   space 2560K, 0% used [0x00000000d6c00000,0x00000000d6c00000,0x00000000d6e80000)
 ParOldGen       total 99840K, used 84125K [0x0000000080000000, 0x0000000086180000, 0x00000000d5580000)
  object space 99840K, 84% used [0x0000000080000000,0x0000000085227750,0x0000000086180000)
 Metaspace       used 72234K, committed 73728K, reserved 1179648K
  class space    used 7613K, committed 8256K, reserved 1048576K
}
Event: 55.624 GC heap after
{Heap after GC invocations=96 (full 4):
 PSYoungGen      total 18432K, used 2529K [0x00000000d5580000, 0x00000000d7480000, 0x0000000100000000)
  eden space 15872K, 0% used [0x00000000d5580000,0x00000000d5580000,0x00000000d6500000)
  from space 2560K, 98% used [0x00000000d6c00000,0x00000000d6e78790,0x00000000d6e80000)
  to   space 7168K, 0% used [0x00000000d6500000,0x00000000d6500000,0x00000000d6c00000)
 ParOldGen       total 99840K, used 88103K [0x0000000080000000, 0x0000000086180000, 0x00000000d5580000)
  object space 99840K, 88% used [0x0000000080000000,0x0000000085609ee8,0x0000000086180000)
 Metaspace       used 72234K, committed 73728K, reserved 1179648K
  class space    used 7613K, committed 8256K, reserved 1048576K
}
Event: 55.715 GC heap before
{Heap before GC invocations=97 (full 4):
 PSYoungGen      total 18432K, used 18401K [0x00000000d5580000, 0x00000000d7480000, 0x0000000100000000)
  eden space 15872K, 100% used [0x00000000d5580000,0x00000000d6500000,0x00000000d6500000)
  from space 2560K, 98% used [0x00000000d6c00000,0x00000000d6e78790,0x00000000d6e80000)
  to   space 7168K, 0% used [0x00000000d6500000,0x00000000d6500000,0x00000000d6c00000)
 ParOldGen       total 99840K, used 88103K [0x0000000080000000, 0x0000000086180000, 0x00000000d5580000)
  object space 99840K, 88% used [0x0000000080000000,0x0000000085609ee8,0x0000000086180000)
 Metaspace       used 72315K, committed 73792K, reserved 1179648K
  class space    used 7614K, committed 8256K, reserved 1048576K
}
Event: 55.724 GC heap after
{Heap after GC invocations=97 (full 4):
 PSYoungGen      total 19456K, used 3200K [0x00000000d5580000, 0x00000000d6e00000, 0x0000000100000000)
  eden space 15872K, 0% used [0x00000000d5580000,0x00000000d5580000,0x00000000d6500000)
  from space 3584K, 89% used [0x00000000d6500000,0x00000000d6820010,0x00000000d6880000)
  to   space 4608K, 0% used [0x00000000d6980000,0x00000000d6980000,0x00000000d6e00000)
 ParOldGen       total 99840K, used 90578K [0x0000000080000000, 0x0000000086180000, 0x00000000d5580000)
  object space 99840K, 90% used [0x0000000080000000,0x0000000085874a60,0x0000000086180000)
 Metaspace       used 72315K, committed 73792K, reserved 1179648K
  class space    used 7614K, committed 8256K, reserved 1048576K
}

