# JRE version: OpenJDK Runtime Environment Temurin-21.0.10+7 (21.0.10+7) (build 21.0.10+7-LTS)
# Java VM: OpenJDK 64-Bit Server VM Temurin-21.0.10+7 (21.0.10+7-LTS, mixed mode, sharing, tiered, compressed oops, compressed class ptrs, parallel gc, windows-amd64)
GC Precious Log:
 CardTable entry size: 512
 CPUs: 12 total, 12 available
 Memory: 7480M
 Large Page Support: Disabled
 NUMA Support: Disabled
 Compressed Oops: Enabled (32-bit)
 Alignments: Space 512K, Generation 512K, Heap 2M
 Heap Min Capacity: 100M
 Heap Initial Capacity: 100M
 Heap Max Capacity: 2G
 Pre-touch: Disabled
 Parallel Workers: 10
Heap:
 PSYoungGen      total 7680K, used 1947K [0x00000000d5580000, 0x00000000d5f80000, 0x0000000100000000)
  eden space 6144K, 7% used [0x00000000d5580000,0x00000000d55f2f68,0x00000000d5b80000)
  from space 1536K, 96% used [0x00000000d5b80000,0x00000000d5cf3f60,0x00000000d5d00000)
  to   space 2048K, 0% used [0x00000000d5d80000,0x00000000d5d80000,0x00000000d5f80000)
 ParOldGen       total 95232K, used 83362K [0x0000000080000000, 0x0000000085d00000, 0x00000000d5580000)
  object space 95232K, 87% used [0x0000000080000000,0x0000000085168918,0x0000000085d00000)
 Metaspace       used 64714K, committed 66304K, reserved 1114112K
  class space    used 6869K, committed 7552K, reserved 1048576K
GC Heap History (20 events):
Event: 57.226 GC heap before
{Heap before GC invocations=153 (full 3):
 PSYoungGen      total 10240K, used 10160K [0x00000000d5580000, 0x00000000d6100000, 0x0000000100000000)
  eden space 9728K, 99% used [0x00000000d5580000,0x00000000d5eff190,0x00000000d5f00000)
  from space 512K, 85% used [0x00000000d6000000,0x00000000d606d220,0x00000000d6080000)
  to   space 512K, 0% used [0x00000000d6080000,0x00000000d6080000,0x00000000d6100000)
 ParOldGen       total 95232K, used 73682K [0x0000000080000000, 0x0000000085d00000, 0x00000000d5580000)
  object space 95232K, 77% used [0x0000000080000000,0x00000000847f4ad0,0x0000000085d00000)
 Metaspace       used 62212K, committed 63744K, reserved 1114112K
  class space    used 6613K, committed 7296K, reserved 1048576K
}
Event: 57.228 GC heap after
{Heap after GC invocations=153 (full 3):
 PSYoungGen      total 10240K, used 497K [0x00000000d5580000, 0x00000000d6100000, 0x0000000100000000)
  eden space 9728K, 0% used [0x00000000d5580000,0x00000000d5580000,0x00000000d5f00000)
  from space 512K, 97% used [0x00000000d6080000,0x00000000d60fc558,0x00000000d6100000)
  to   space 1024K, 0% used [0x00000000d5f00000,0x00000000d5f00000,0x00000000d6000000)
 ParOldGen       total 95232K, used 74026K [0x0000000080000000, 0x0000000085d00000, 0x00000000d5580000)
  object space 95232K, 77% used [0x0000000080000000,0x000000008484aaf0,0x0000000085d00000)
 Metaspace       used 62212K, committed 63744K, reserved 1114112K
  class space    used 6613K, committed 7296K, reserved 1048576K
}
Event: 57.939 GC heap before
{Heap before GC invocations=154 (full 3):
 PSYoungGen      total 10240K, used 10225K [0x00000000d5580000, 0x00000000d6100000, 0x0000000100000000)
  eden space 9728K, 99% used [0x00000000d5580000,0x00000000d5effff0,0x00000000d5f00000)
  from space 512K, 97% used [0x00000000d6080000,0x00000000d60fc558,0x00000000d6100000)
  to   space 1024K, 0% used [0x00000000d5f00000,0x00000000d5f00000,0x00000000d6000000)
 ParOldGen       total 95232K, used 74026K [0x0000000080000000, 0x0000000085d00000, 0x00000000d5580000)
  object space 95232K, 77% used [0x0000000080000000,0x000000008484aaf0,0x0000000085d00000)
 Metaspace       used 62377K, committed 63936K, reserved 1114112K
  class space    used 6623K, committed 7296K, reserved 1048576K
}
Event: 57.941 GC heap after
{Heap after GC invocations=154 (full 3):
 PSYoungGen      total 10752K, used 352K [0x00000000d5580000, 0x00000000d6100000, 0x0000000100000000)
  eden space 9728K, 0% used [0x00000000d5580000,0x00000000d5580000,0x00000000d5f00000)
  from space 1024K, 34% used [0x00000000d5f00000,0x00000000d5f58000,0x00000000d6000000)
  to   space 1024K, 0% used [0x00000000d6000000,0x00000000d6000000,0x00000000d6100000)
 ParOldGen       total 95232K, used 74202K [0x0000000080000000, 0x0000000085d00000, 0x00000000d5580000)
  object space 95232K, 77% used [0x0000000080000000,0x0000000084876b10,0x0000000085d00000)
 Metaspace       used 62377K, committed 63936K, reserved 1114112K
  class space    used 6623K, committed 7296K, reserved 1048576K
}
Event: 58.594 GC heap before
{Heap before GC invocations=155 (full 3):
 PSYoungGen      total 10752K, used 10080K [0x00000000d5580000, 0x00000000d6100000, 0x0000000100000000)
  eden space 9728K, 100% used [0x00000000d5580000,0x00000000d5f00000,0x00000000d5f00000)
  from space 1024K, 34% used [0x00000000d5f00000,0x00000000d5f58000,0x00000000d6000000)
  to   space 1024K, 0% used [0x00000000d6000000,0x00000000d6000000,0x00000000d6100000)
 ParOldGen       total 95232K, used 74202K [0x0000000080000000, 0x0000000085d00000, 0x00000000d5580000)
  object space 95232K, 77% used [0x0000000080000000,0x0000000084876b10,0x0000000085d00000)
 Metaspace       used 62395K, committed 63936K, reserved 1114112K
  class space    used 6623K, committed 7296K, reserved 1048576K
}
Event: 58.595 GC heap after
{Heap after GC invocations=155 (full 3):
 PSYoungGen      total 10240K, used 426K [0x00000000d5580000, 0x00000000d6080000, 0x0000000100000000)
  eden space 9728K, 0% used [0x00000000d5580000,0x00000000d5580000,0x00000000d5f00000)
  from space 512K, 83% used [0x00000000d6000000,0x00000000d606a900,0x00000000d6080000)
  to   space 512K, 0% used [0x00000000d5f80000,0x00000000d5f80000,0x00000000d6000000)
 ParOldGen       total 95232K, used 74486K [0x0000000080000000, 0x0000000085d00000, 0x00000000d5580000)
  object space 95232K, 78% used [0x0000000080000000,0x00000000848bdb20,0x0000000085d00000)
 Metaspace       used 62395K, committed 63936K, reserved 1114112K
  class space    used 6623K, committed 7296K, reserved 1048576K
}
Event: 59.524 GC heap before
{Heap before GC invocations=156 (full 3):
 PSYoungGen      total 10240K, used 10154K [0x00000000d5580000, 0x00000000d6080000, 0x0000000100000000)
  eden space 9728K, 100% used [0x00000000d5580000,0x00000000d5f00000,0x00000000d5f00000)
  from space 512K, 83% used [0x00000000d6000000,0x00000000d606a900,0x00000000d6080000)
  to   space 512K, 0% used [0x00000000d5f80000,0x00000000d5f80000,0x00000000d6000000)
 ParOldGen       total 95232K, used 74486K [0x0000000080000000, 0x0000000085d00000, 0x00000000d5580000)
  object space 95232K, 78% used [0x0000000080000000,0x00000000848bdb20,0x0000000085d00000)
 Metaspace       used 63203K, committed 64704K, reserved 1114112K
  class space    used 6694K, committed 7360K, reserved 1048576K
}
Event: 59.525 GC heap after
{Heap after GC invocations=156 (full 3):
 PSYoungGen      total 10240K, used 512K [0x00000000d5580000, 0x00000000d6100000, 0x0000000100000000)
  eden space 9728K, 0% used [0x00000000d5580000,0x00000000d5580000,0x00000000d5f00000)
  from space 512K, 100% used [0x00000000d5f80000,0x00000000d6000000,0x00000000d6000000)
  to   space 1024K, 0% used [0x00000000d6000000,0x00000000d6000000,0x00000000d6100000)
 ParOldGen       total 95232K, used 74622K [0x0000000080000000, 0x0000000085d00000, 0x00000000d5580000)
  object space 95232K, 78% used [0x0000000080000000,0x00000000848dfb40,0x0000000085d00000)
 Metaspace       used 63203K, committed 64704K, reserved 1114112K
  class space    used 6694K, committed 7360K, reserved 1048576K
}
Event: 59.910 GC heap before
{Heap before GC invocations=157 (full 3):
 PSYoungGen      total 10240K, used 10240K [0x00000000d5580000, 0x00000000d6100000, 0x0000000100000000)
  eden space 9728K, 100% used [0x00000000d5580000,0x00000000d5f00000,0x00000000d5f00000)
  from space 512K, 100% used [0x00000000d5f80000,0x00000000d6000000,0x00000000d6000000)
  to   space 1024K, 0% used [0x00000000d6000000,0x00000000d6000000,0x00000000d6100000)
 ParOldGen       total 95232K, used 74622K [0x0000000080000000, 0x0000000085d00000, 0x00000000d5580000)
  object space 95232K, 78% used [0x0000000080000000,0x00000000848dfb40,0x0000000085d00000)
 Metaspace       used 63644K, committed 65152K, reserved 1114112K
  class space    used 6745K, committed 7424K, reserved 1048576K
}
Event: 59.912 GC heap after
{Heap after GC invocations=157 (full 3):
 PSYoungGen      total 10752K, used 662K [0x00000000d5580000, 0x00000000d6100000, 0x0000000100000000)
  eden space 9728K, 0% used [0x00000000d5580000,0x00000000d5580000,0x00000000d5f00000)
  from space 1024K, 64% used [0x00000000d6000000,0x00000000d60a58e0,0x00000000d6100000)
  to   space 1024K, 0% used [0x00000000d5f00000,0x00000000d5f00000,0x00000000d6000000)
 ParOldGen       total 95232K, used 74886K [0x0000000080000000, 0x0000000085d00000, 0x00000000d5580000)
  object space 95232K, 78% used [0x0000000080000000,0x00000000849218b8,0x0000000085d00000)
 Metaspace       used 63644K, committed 65152K, reserved 1114112K
  class space    used 6745K, committed 7424K, reserved 1048576K
}
Event: 76.874 GC heap before
{Heap before GC invocations=158 (full 3):
 PSYoungGen      total 10752K, used 10390K [0x00000000d5580000, 0x00000000d6100000, 0x0000000100000000)
  eden space 9728K, 100% used [0x00000000d5580000,0x00000000d5f00000,0x00000000d5f00000)
  from space 1024K, 64% used [0x00000000d6000000,0x00000000d60a58e0,0x00000000d6100000)
  to   space 1024K, 0% used [0x00000000d5f00000,0x00000000d5f00000,0x00000000d6000000)
 ParOldGen       total 95232K, used 74886K [0x0000000080000000, 0x0000000085d00000, 0x00000000d5580000)
  object space 95232K, 78% used [0x0000000080000000,0x00000000849218b8,0x0000000085d00000)
 Metaspace       used 64292K, committed 65792K, reserved 1114112K
  class space    used 6821K, committed 7488K, reserved 1048576K
}
Event: 76.924 GC heap after
{Heap after GC invocations=158 (full 3):
 PSYoungGen      total 10752K, used 901K [0x00000000d5580000, 0x00000000d6100000, 0x0000000100000000)
  eden space 9728K, 0% used [0x00000000d5580000,0x00000000d5580000,0x00000000d5f00000)
  from space 1024K, 88% used [0x00000000d5f00000,0x00000000d5fe15a8,0x00000000d6000000)
  to   space 1024K, 0% used [0x00000000d6000000,0x00000000d6000000,0x00000000d6100000)
 ParOldGen       total 95232K, used 75300K [0x0000000080000000, 0x0000000085d00000, 0x00000000d5580000)
  object space 95232K, 79% used [0x0000000080000000,0x0000000084989360,0x0000000085d00000)
 Metaspace       used 64292K, committed 65792K, reserved 1114112K
  class space    used 6821K, committed 7488K, reserved 1048576K
}
Event: 77.194 GC heap before
{Heap before GC invocations=159 (full 3):
 PSYoungGen      total 10752K, used 10579K [0x00000000d5580000, 0x00000000d6100000, 0x0000000100000000)
  eden space 9728K, 99% used [0x00000000d5580000,0x00000000d5ef38b8,0x00000000d5f00000)
  from space 1024K, 88% used [0x00000000d5f00000,0x00000000d5fe15a8,0x00000000d6000000)
  to   space 1024K, 0% used [0x00000000d6000000,0x00000000d6000000,0x00000000d6100000)
 ParOldGen       total 95232K, used 75300K [0x0000000080000000, 0x0000000085d00000, 0x00000000d5580000)
  object space 95232K, 79% used [0x0000000080000000,0x0000000084989360,0x0000000085d00000)
 Metaspace       used 64310K, committed 65792K, reserved 1114112K
  class space    used 6822K, committed 7488K, reserved 1048576K
}
Event: 77.208 GC heap after
{Heap after GC invocations=159 (full 3):
 PSYoungGen      total 7168K, used 1018K [0x00000000d5580000, 0x00000000d6800000, 0x0000000100000000)
  eden space 6144K, 0% used [0x00000000d5580000,0x00000000d5580000,0x00000000d5b80000)
  from space 1024K, 99% used [0x00000000d6000000,0x00000000d60fe920,0x00000000d6100000)
  to   space 4608K, 0% used [0x00000000d5b80000,0x00000000d5b80000,0x00000000d6000000)
 ParOldGen       total 95232K, used 78171K [0x0000000080000000, 0x0000000085d00000, 0x00000000d5580000)
  object space 95232K, 82% used [0x0000000080000000,0x0000000084c56ed0,0x0000000085d00000)
 Metaspace       used 64310K, committed 65792K, reserved 1114112K
  class space    used 6822K, committed 7488K, reserved 1048576K
}
Event: 77.335 GC heap before
{Heap before GC invocations=160 (full 3):
 PSYoungGen      total 7168K, used 7162K [0x00000000d5580000, 0x00000000d6800000, 0x0000000100000000)
  eden space 6144K, 100% used [0x00000000d5580000,0x00000000d5b80000,0x00000000d5b80000)
  from space 1024K, 99% used [0x00000000d6000000,0x00000000d60fe920,0x00000000d6100000)
  to   space 4608K, 0% used [0x00000000d5b80000,0x00000000d5b80000,0x00000000d6000000)
 ParOldGen       total 95232K, used 78171K [0x0000000080000000, 0x0000000085d00000, 0x00000000d5580000)
  object space 95232K, 82% used [0x0000000080000000,0x0000000084c56ed0,0x0000000085d00000)
 Metaspace       used 64311K, committed 65792K, reserved 1114112K
  class space    used 6822K, committed 7488K, reserved 1048576K
}
Event: 77.353 GC heap after
{Heap after GC invocations=160 (full 3):
 PSYoungGen      total 8704K, used 2178K [0x00000000d5580000, 0x00000000d6180000, 0x0000000100000000)
  eden space 6144K, 0% used [0x00000000d5580000,0x00000000d5580000,0x00000000d5b80000)
  from space 2560K, 85% used [0x00000000d5b80000,0x00000000d5da0bb0,0x00000000d5e00000)
  to   space 3072K, 0% used [0x00000000d5e80000,0x00000000d5e80000,0x00000000d6180000)
 ParOldGen       total 95232K, used 79251K [0x0000000080000000, 0x0000000085d00000, 0x00000000d5580000)
  object space 95232K, 83% used [0x0000000080000000,0x0000000084d64e70,0x0000000085d00000)
 Metaspace       used 64311K, committed 65792K, reserved 1114112K
  class space    used 6822K, committed 7488K, reserved 1048576K
}
Event: 77.501 GC heap before
{Heap before GC invocations=161 (full 3):
 PSYoungGen      total 8704K, used 8322K [0x00000000d5580000, 0x00000000d6180000, 0x0000000100000000)
  eden space 6144K, 100% used [0x00000000d5580000,0x00000000d5b80000,0x00000000d5b80000)
  from space 2560K, 85% used [0x00000000d5b80000,0x00000000d5da0bb0,0x00000000d5e00000)
  to   space 3072K, 0% used [0x00000000d5e80000,0x00000000d5e80000,0x00000000d6180000)
 ParOldGen       total 95232K, used 79251K [0x0000000080000000, 0x0000000085d00000, 0x00000000d5580000)
  object space 95232K, 83% used [0x0000000080000000,0x0000000084d64e70,0x0000000085d00000)
 Metaspace       used 64313K, committed 65792K, reserved 1114112K
  class space    used 6822K, committed 7488K, reserved 1048576K
}
Event: 77.510 GC heap after
{Heap after GC invocations=161 (full 3):
 PSYoungGen      total 8704K, used 2203K [0x00000000d5580000, 0x00000000d6100000, 0x0000000100000000)
  eden space 6144K, 0% used [0x00000000d5580000,0x00000000d5580000,0x00000000d5b80000)
  from space 2560K, 86% used [0x00000000d5e80000,0x00000000d60a6eb0,0x00000000d6100000)
  to   space 2560K, 0% used [0x00000000d5b80000,0x00000000d5b80000,0x00000000d5e00000)
 ParOldGen       total 95232K, used 81305K [0x0000000080000000, 0x0000000085d00000, 0x00000000d5580000)
  object space 95232K, 85% used [0x0000000080000000,0x0000000084f66548,0x0000000085d00000)
 Metaspace       used 64313K, committed 65792K, reserved 1114112K
  class space    used 6822K, committed 7488K, reserved 1048576K
}
Event: 78.172 GC heap before
{Heap before GC invocations=162 (full 3):
 PSYoungGen      total 8704K, used 8347K [0x00000000d5580000, 0x00000000d6100000, 0x0000000100000000)
  eden space 6144K, 100% used [0x00000000d5580000,0x00000000d5b80000,0x00000000d5b80000)
  from space 2560K, 86% used [0x00000000d5e80000,0x00000000d60a6eb0,0x00000000d6100000)
  to   space 2560K, 0% used [0x00000000d5b80000,0x00000000d5b80000,0x00000000d5e00000)
 ParOldGen       total 95232K, used 81305K [0x0000000080000000, 0x0000000085d00000, 0x00000000d5580000)
  object space 95232K, 85% used [0x0000000080000000,0x0000000084f66548,0x0000000085d00000)
 Metaspace       used 64698K, committed 66240K, reserved 1114112K
  class space    used 6866K, committed 7552K, reserved 1048576K
}
Event: 78.181 GC heap after
{Heap after GC invocations=162 (full 3):
 PSYoungGen      total 7680K, used 1487K [0x00000000d5580000, 0x00000000d5f80000, 0x0000000100000000)
  eden space 6144K, 0% used [0x00000000d5580000,0x00000000d5580000,0x00000000d5b80000)
  from space 1536K, 96% used [0x00000000d5b80000,0x00000000d5cf3f60,0x00000000d5d00000)
  to   space 2048K, 0% used [0x00000000d5d80000,0x00000000d5d80000,0x00000000d5f80000)
 ParOldGen       total 95232K, used 83362K [0x0000000080000000, 0x0000000085d00000, 0x00000000d5580000)
  object space 95232K, 87% used [0x0000000080000000,0x0000000085168918,0x0000000085d00000)
 Metaspace       used 64698K, committed 66240K, reserved 1114112K
  class space    used 6866K, committed 7552K, reserved 1048576K
}

