# JRE version: Java(TM) SE Runtime Environment (21.0.11+9) (build 21.0.11+9-LTS-211)
# Java VM: Java HotSpot(TM) 64-Bit Server VM (21.0.11+9-LTS-211, mixed mode, sharing, tiered, compressed oops, compressed class ptrs, g1 gc, windows-amd64)
GC Precious Log:
 CardTable entry size: 512
 Card Set container configuration: InlinePtr #cards 5 size 8 Array Of Cards #cards 12 size 40 Howl #buckets 4 coarsen threshold 1843 Howl Bitmap #cards 512 size 80 coarsen threshold 460 Card regions per heap region 1 cards per card region 2048
 CPUs: 12 total, 12 available
 Memory: 7480M
 Large Page Support: Disabled
 NUMA Support: Disabled
 Compressed Oops: Enabled (32-bit)
 Heap Region Size: 1M
 Heap Min Capacity: 8M
 Heap Initial Capacity: 118M
 Heap Max Capacity: 1872M
 Pre-touch: Disabled
 Parallel Workers: 10
 Concurrent Workers: 3
 Concurrent Refinement Workers: 10
 Periodic GC: Disabled
Heap:
 garbage-first heap   total 120832K, used 38578K [0x000000008b000000, 0x0000000100000000)
  region size 1024K, 35 young (35840K), 9 survivors (9216K)
 Metaspace       used 15913K, committed 16192K, reserved 1114112K
  class space    used 1825K, committed 1920K, reserved 1048576K
GC Heap History (6 events):
Event: 1.813 GC heap before
{Heap before GC invocations=0 (full 0):
 garbage-first heap   total 120832K, used 23552K [0x000000008b000000, 0x0000000100000000)
  region size 1024K, 23 young (23552K), 0 survivors (0K)
 Metaspace       used 5654K, committed 5888K, reserved 1114112K
  class space    used 657K, committed 768K, reserved 1048576K
}
Event: 1.824 GC heap after
{Heap after GC invocations=1 (full 0):
 garbage-first heap   total 120832K, used 3712K [0x000000008b000000, 0x0000000100000000)
  region size 1024K, 3 young (3072K), 3 survivors (3072K)
 Metaspace       used 5654K, committed 5888K, reserved 1114112K
  class space    used 657K, committed 768K, reserved 1048576K
}
Event: 2.679 GC heap before
{Heap before GC invocations=1 (full 0):
 garbage-first heap   total 120832K, used 34432K [0x000000008b000000, 0x0000000100000000)
  region size 1024K, 33 young (33792K), 3 survivors (3072K)
 Metaspace       used 8981K, committed 9152K, reserved 1114112K
  class space    used 1057K, committed 1152K, reserved 1048576K
}
Event: 2.685 GC heap after
{Heap after GC invocations=2 (full 0):
 garbage-first heap   total 120832K, used 5336K [0x000000008b000000, 0x0000000100000000)
  region size 1024K, 2 young (2048K), 2 survivors (2048K)
 Metaspace       used 8981K, committed 9152K, reserved 1114112K
  class space    used 1057K, committed 1152K, reserved 1048576K
}
Event: 7.583 GC heap before
{Heap before GC invocations=2 (full 0):
 garbage-first heap   total 120832K, used 74968K [0x000000008b000000, 0x0000000100000000)
  region size 1024K, 70 young (71680K), 2 survivors (2048K)
 Metaspace       used 15649K, committed 15872K, reserved 1114112K
  class space    used 1823K, committed 1920K, reserved 1048576K
}
Event: 7.605 GC heap after
{Heap after GC invocations=3 (full 0):
 garbage-first heap   total 120832K, used 12978K [0x000000008b000000, 0x0000000100000000)
  region size 1024K, 9 young (9216K), 9 survivors (9216K)
 Metaspace       used 15649K, committed 15872K, reserved 1114112K
  class space    used 1823K, committed 1920K, reserved 1048576K
}

