# JRE version: OpenJDK Runtime Environment Temurin-21.0.10+7 (21.0.10+7) (build 21.0.10+7-LTS)
# Java VM: OpenJDK 64-Bit Server VM Temurin-21.0.10+7 (21.0.10+7-LTS, mixed mode, sharing, tiered, compressed oops, compressed class ptrs, parallel gc, windows-amd64)
GC Precious Log:
 CardTable entry size: 512
 CPUs: 12 total, 12 available
 Memory: 7480M
 Large Page Support: Disabled
 NUMA Support: Disabled
 Compressed Oops: Enabled (32-bit)
 Alignments: Space 512K, Generation 512K, Heap 2M
 Heap Min Capacity: 100M
 Heap Initial Capacity: 100M
 Heap Max Capacity: 2G
 Pre-touch: Disabled
 Parallel Workers: 10
Heap:
 PSYoungGen      total 19456K, used 15805K [0x00000000d5580000, 0x00000000d6b00000, 0x0000000100000000)
  eden space 14848K, 94% used [0x00000000d5580000,0x00000000d6330d20,0x00000000d6400000)
  from space 4608K, 38% used [0x00000000d6400000,0x00000000d65be900,0x00000000d6880000)
  to   space 2048K, 0% used [0x00000000d6900000,0x00000000d6900000,0x00000000d6b00000)
 ParOldGen       total 1398272K, used 1199384K [0x0000000080000000, 0x00000000d5580000, 0x00000000d5580000)
  object space 1398272K, 85% used [0x0000000080000000,0x00000000c9346150,0x00000000d5580000)
 Metaspace       used 90700K, committed 92608K, reserved 1179648K
  class space    used 9186K, committed 10048K, reserved 1048576K
GC Heap History (20 events):
Event: 665.785 GC heap before
{Heap before GC invocations=2175 (full 5):
 PSYoungGen      total 10752K, used 10724K [0x00000000d5580000, 0x00000000d6680000, 0x0000000100000000)
  eden space 9216K, 100% used [0x00000000d5580000,0x00000000d5e80000,0x00000000d5e80000)
  from space 1536K, 98% used [0x00000000d5e80000,0x00000000d5ff9210,0x00000000d6000000)
  to   space 3072K, 0% used [0x00000000d6380000,0x00000000d6380000,0x00000000d6680000)
 ParOldGen       total 1125376K, used 1124893K [0x0000000080000000, 0x00000000c4b00000, 0x00000000d5580000)
  object space 1125376K, 99% used [0x0000000080000000,0x00000000c4a877a0,0x00000000c4b00000)
 Metaspace       used 90615K, committed 92480K, reserved 1179648K
  class space    used 9186K, committed 10048K, reserved 1048576K
}
Event: 665.790 GC heap after
{Heap after GC invocations=2175 (full 5):
 PSYoungGen      total 10240K, used 960K [0x00000000d5580000, 0x00000000d6480000, 0x0000000100000000)
  eden space 9216K, 0% used [0x00000000d5580000,0x00000000d5580000,0x00000000d5e80000)
  from space 1024K, 93% used [0x00000000d6380000,0x00000000d6470000,0x00000000d6480000)
  to   space 1536K, 0% used [0x00000000d6180000,0x00000000d6180000,0x00000000d6300000)
 ParOldGen       total 1126400K, used 1126354K [0x0000000080000000, 0x00000000c4c00000, 0x00000000d5580000)
  object space 1126400K, 99% used [0x0000000080000000,0x00000000c4bf4980,0x00000000c4c00000)
 Metaspace       used 90615K, committed 92480K, reserved 1179648K
  class space    used 9186K, committed 10048K, reserved 1048576K
}
Event: 665.848 GC heap before
{Heap before GC invocations=2176 (full 5):
 PSYoungGen      total 10240K, used 10176K [0x00000000d5580000, 0x00000000d6480000, 0x0000000100000000)
  eden space 9216K, 100% used [0x00000000d5580000,0x00000000d5e80000,0x00000000d5e80000)
  from space 1024K, 93% used [0x00000000d6380000,0x00000000d6470000,0x00000000d6480000)
  to   space 1536K, 0% used [0x00000000d6180000,0x00000000d6180000,0x00000000d6300000)
 ParOldGen       total 1126400K, used 1126354K [0x0000000080000000, 0x00000000c4c00000, 0x00000000d5580000)
  object space 1126400K, 99% used [0x0000000080000000,0x00000000c4bf4980,0x00000000c4c00000)
 Metaspace       used 90620K, committed 92480K, reserved 1179648K
  class space    used 9186K, committed 10048K, reserved 1048576K
}
Event: 665.855 GC heap after
{Heap after GC invocations=2176 (full 5):
 PSYoungGen      total 10752K, used 1506K [0x00000000d5580000, 0x00000000d7180000, 0x0000000100000000)
  eden space 9216K, 0% used [0x00000000d5580000,0x00000000d5580000,0x00000000d5e80000)
  from space 1536K, 98% used [0x00000000d6180000,0x00000000d62f8a20,0x00000000d6300000)
  to   space 9728K, 0% used [0x00000000d6800000,0x00000000d6800000,0x00000000d7180000)
 ParOldGen       total 1133056K, used 1132931K [0x0000000080000000, 0x00000000c5280000, 0x00000000d5580000)
  object space 1133056K, 99% used [0x0000000080000000,0x00000000c5260fa8,0x00000000c5280000)
 Metaspace       used 90620K, committed 92480K, reserved 1179648K
  class space    used 9186K, committed 10048K, reserved 1048576K
}
Event: 665.891 GC heap before
{Heap before GC invocations=2177 (full 5):
 PSYoungGen      total 10752K, used 10722K [0x00000000d5580000, 0x00000000d7180000, 0x0000000100000000)
  eden space 9216K, 100% used [0x00000000d5580000,0x00000000d5e80000,0x00000000d5e80000)
  from space 1536K, 98% used [0x00000000d6180000,0x00000000d62f8a20,0x00000000d6300000)
  to   space 9728K, 0% used [0x00000000d6800000,0x00000000d6800000,0x00000000d7180000)
 ParOldGen       total 1133056K, used 1132931K [0x0000000080000000, 0x00000000c5280000, 0x00000000d5580000)
  object space 1133056K, 99% used [0x0000000080000000,0x00000000c5260fa8,0x00000000c5280000)
 Metaspace       used 90620K, committed 92480K, reserved 1179648K
  class space    used 9186K, committed 10048K, reserved 1048576K
}
Event: 665.898 GC heap after
{Heap after GC invocations=2177 (full 5):
 PSYoungGen      total 18944K, used 8845K [0x00000000d5580000, 0x00000000d7180000, 0x0000000100000000)
  eden space 9216K, 0% used [0x00000000d5580000,0x00000000d5580000,0x00000000d5e80000)
  from space 9728K, 90% used [0x00000000d6800000,0x00000000d70a3400,0x00000000d7180000)
  to   space 9728K, 0% used [0x00000000d5e80000,0x00000000d5e80000,0x00000000d6800000)
 ParOldGen       total 1136128K, used 1135681K [0x0000000080000000, 0x00000000c5580000, 0x00000000d5580000)
  object space 1136128K, 99% used [0x0000000080000000,0x00000000c5510408,0x00000000c5580000)
 Metaspace       used 90620K, committed 92480K, reserved 1179648K
  class space    used 9186K, committed 10048K, reserved 1048576K
}
Event: 665.983 GC heap before
{Heap before GC invocations=2178 (full 5):
 PSYoungGen      total 18944K, used 18061K [0x00000000d5580000, 0x00000000d7180000, 0x0000000100000000)
  eden space 9216K, 100% used [0x00000000d5580000,0x00000000d5e80000,0x00000000d5e80000)
  from space 9728K, 90% used [0x00000000d6800000,0x00000000d70a3400,0x00000000d7180000)
  to   space 9728K, 0% used [0x00000000d5e80000,0x00000000d5e80000,0x00000000d6800000)
 ParOldGen       total 1136128K, used 1135681K [0x0000000080000000, 0x00000000c5580000, 0x00000000d5580000)
  object space 1136128K, 99% used [0x0000000080000000,0x00000000c5510408,0x00000000c5580000)
 Metaspace       used 90623K, committed 92480K, reserved 1179648K
  class space    used 9186K, committed 10048K, reserved 1048576K
}
Event: 669.009 GC heap after
{Heap after GC invocations=2178 (full 5):
 PSYoungGen      total 18944K, used 7492K [0x00000000d5580000, 0x00000000d7080000, 0x0000000100000000)
  eden space 9216K, 0% used [0x00000000d5580000,0x00000000d5580000,0x00000000d5e80000)
  from space 9728K, 77% used [0x00000000d5e80000,0x00000000d65d12f0,0x00000000d6800000)
  to   space 8192K, 0% used [0x00000000d6880000,0x00000000d6880000,0x00000000d7080000)
 ParOldGen       total 1144320K, used 1143921K [0x0000000080000000, 0x00000000c5d80000, 0x00000000d5580000)
  object space 1144320K, 99% used [0x0000000080000000,0x00000000c5d1c408,0x00000000c5d80000)
 Metaspace       used 90623K, committed 92480K, reserved 1179648K
  class space    used 9186K, committed 10048K, reserved 1048576K
}
Event: 669.063 GC heap before
{Heap before GC invocations=2179 (full 5):
 PSYoungGen      total 18944K, used 16549K [0x00000000d5580000, 0x00000000d7080000, 0x0000000100000000)
  eden space 9216K, 98% used [0x00000000d5580000,0x00000000d5e58360,0x00000000d5e80000)
  from space 9728K, 77% used [0x00000000d5e80000,0x00000000d65d12f0,0x00000000d6800000)
  to   space 8192K, 0% used [0x00000000d6880000,0x00000000d6880000,0x00000000d7080000)
 ParOldGen       total 1144320K, used 1143921K [0x0000000080000000, 0x00000000c5d80000, 0x00000000d5580000)
  object space 1144320K, 99% used [0x0000000080000000,0x00000000c5d1c408,0x00000000c5d80000)
 Metaspace       used 90629K, committed 92480K, reserved 1179648K
  class space    used 9186K, committed 10048K, reserved 1048576K
}
Event: 672.300 GC heap after
{Heap after GC invocations=2179 (full 5):
 PSYoungGen      total 18944K, used 7569K [0x00000000d5580000, 0x00000000d7000000, 0x0000000100000000)
  eden space 11264K, 0% used [0x00000000d5580000,0x00000000d5580000,0x00000000d6080000)
  from space 7680K, 98% used [0x00000000d6880000,0x00000000d6fe4428,0x00000000d7000000)
  to   space 7680K, 0% used [0x00000000d6100000,0x00000000d6100000,0x00000000d6880000)
 ParOldGen       total 1398272K, used 1151245K [0x0000000080000000, 0x00000000d5580000, 0x00000000d5580000)
  object space 1398272K, 82% used [0x0000000080000000,0x00000000c64436f8,0x00000000d5580000)
 Metaspace       used 90629K, committed 92480K, reserved 1179648K
  class space    used 9186K, committed 10048K, reserved 1048576K
}
Event: 672.403 GC heap before
{Heap before GC invocations=2180 (full 5):
 PSYoungGen      total 18944K, used 18797K [0x00000000d5580000, 0x00000000d7000000, 0x0000000100000000)
  eden space 11264K, 99% used [0x00000000d5580000,0x00000000d6077298,0x00000000d6080000)
  from space 7680K, 98% used [0x00000000d6880000,0x00000000d6fe4428,0x00000000d7000000)
  to   space 7680K, 0% used [0x00000000d6100000,0x00000000d6100000,0x00000000d6880000)
 ParOldGen       total 1398272K, used 1151245K [0x0000000080000000, 0x00000000d5580000, 0x00000000d5580000)
  object space 1398272K, 82% used [0x0000000080000000,0x00000000c64436f8,0x00000000d5580000)
 Metaspace       used 90629K, committed 92480K, reserved 1179648K
  class space    used 9186K, committed 10048K, reserved 1048576K
}
Event: 672.421 GC heap after
{Heap after GC invocations=2180 (full 5):
 PSYoungGen      total 19456K, used 7264K [0x00000000d5580000, 0x00000000d7200000, 0x0000000100000000)
  eden space 11776K, 0% used [0x00000000d5580000,0x00000000d5580000,0x00000000d6100000)
  from space 7680K, 94% used [0x00000000d6100000,0x00000000d6818110,0x00000000d6880000)
  to   space 7680K, 0% used [0x00000000d6a80000,0x00000000d6a80000,0x00000000d7200000)
 ParOldGen       total 1398272K, used 1158726K [0x0000000080000000, 0x00000000d5580000, 0x00000000d5580000)
  object space 1398272K, 82% used [0x0000000080000000,0x00000000c6b91890,0x00000000d5580000)
 Metaspace       used 90629K, committed 92480K, reserved 1179648K
  class space    used 9186K, committed 10048K, reserved 1048576K
}
Event: 672.515 GC heap before
{Heap before GC invocations=2181 (full 5):
 PSYoungGen      total 19456K, used 19040K [0x00000000d5580000, 0x00000000d7200000, 0x0000000100000000)
  eden space 11776K, 100% used [0x00000000d5580000,0x00000000d6100000,0x00000000d6100000)
  from space 7680K, 94% used [0x00000000d6100000,0x00000000d6818110,0x00000000d6880000)
  to   space 7680K, 0% used [0x00000000d6a80000,0x00000000d6a80000,0x00000000d7200000)
 ParOldGen       total 1398272K, used 1158726K [0x0000000080000000, 0x00000000d5580000, 0x00000000d5580000)
  object space 1398272K, 82% used [0x0000000080000000,0x00000000c6b91890,0x00000000d5580000)
 Metaspace       used 90634K, committed 92480K, reserved 1179648K
  class space    used 9186K, committed 10048K, reserved 1048576K
}
Event: 672.521 GC heap after
{Heap after GC invocations=2181 (full 5):
 PSYoungGen      total 16896K, used 2540K [0x00000000d5580000, 0x00000000d6d00000, 0x0000000100000000)
  eden space 14336K, 0% used [0x00000000d5580000,0x00000000d5580000,0x00000000d6380000)
  from space 2560K, 99% used [0x00000000d6a80000,0x00000000d6cfb2a8,0x00000000d6d00000)
  to   space 4608K, 0% used [0x00000000d6400000,0x00000000d6400000,0x00000000d6880000)
 ParOldGen       total 1398272K, used 1165769K [0x0000000080000000, 0x00000000d5580000, 0x00000000d5580000)
  object space 1398272K, 83% used [0x0000000080000000,0x00000000c7272690,0x00000000d5580000)
 Metaspace       used 90634K, committed 92480K, reserved 1179648K
  class space    used 9186K, committed 10048K, reserved 1048576K
}
Event: 673.019 GC heap before
{Heap before GC invocations=2182 (full 5):
 PSYoungGen      total 16896K, used 16876K [0x00000000d5580000, 0x00000000d6d00000, 0x0000000100000000)
  eden space 14336K, 100% used [0x00000000d5580000,0x00000000d6380000,0x00000000d6380000)
  from space 2560K, 99% used [0x00000000d6a80000,0x00000000d6cfb2a8,0x00000000d6d00000)
  to   space 4608K, 0% used [0x00000000d6400000,0x00000000d6400000,0x00000000d6880000)
 ParOldGen       total 1398272K, used 1188809K [0x0000000080000000, 0x00000000d5580000, 0x00000000d5580000)
  object space 1398272K, 85% used [0x0000000080000000,0x00000000c88f26b0,0x00000000d5580000)
 Metaspace       used 90639K, committed 92480K, reserved 1179648K
  class space    used 9186K, committed 10048K, reserved 1048576K
}
Event: 673.024 GC heap after
{Heap after GC invocations=2182 (full 5):
 PSYoungGen      total 19456K, used 608K [0x00000000d5580000, 0x00000000d6b00000, 0x0000000100000000)
  eden space 14848K, 0% used [0x00000000d5580000,0x00000000d5580000,0x00000000d6400000)
  from space 4608K, 13% used [0x00000000d6400000,0x00000000d6498000,0x00000000d6880000)
  to   space 2048K, 0% used [0x00000000d6900000,0x00000000d6900000,0x00000000d6b00000)
 ParOldGen       total 1398272K, used 1190693K [0x0000000080000000, 0x00000000d5580000, 0x00000000d5580000)
  object space 1398272K, 85% used [0x0000000080000000,0x00000000c8ac94a8,0x00000000d5580000)
 Metaspace       used 90639K, committed 92480K, reserved 1179648K
  class space    used 9186K, committed 10048K, reserved 1048576K
}
Event: 673.241 GC heap before
{Heap before GC invocations=2183 (full 5):
 PSYoungGen      total 19456K, used 15456K [0x00000000d5580000, 0x00000000d6b00000, 0x0000000100000000)
  eden space 14848K, 100% used [0x00000000d5580000,0x00000000d6400000,0x00000000d6400000)
  from space 4608K, 13% used [0x00000000d6400000,0x00000000d6498000,0x00000000d6880000)
  to   space 2048K, 0% used [0x00000000d6900000,0x00000000d6900000,0x00000000d6b00000)
 ParOldGen       total 1398272K, used 1190693K [0x0000000080000000, 0x00000000d5580000, 0x00000000d5580000)
  object space 1398272K, 85% used [0x0000000080000000,0x00000000c8ac94a8,0x00000000d5580000)
 Metaspace       used 90645K, committed 92544K, reserved 1179648K
  class space    used 9186K, committed 10048K, reserved 1048576K
}
Event: 675.264 GC heap after
{Heap after GC invocations=2183 (full 5):
 PSYoungGen      total 16896K, used 2040K [0x00000000d5580000, 0x00000000d6b00000, 0x0000000100000000)
  eden space 14848K, 0% used [0x00000000d5580000,0x00000000d5580000,0x00000000d6400000)
  from space 2048K, 99% used [0x00000000d6900000,0x00000000d6afe340,0x00000000d6b00000)
  to   space 4608K, 0% used [0x00000000d6400000,0x00000000d6400000,0x00000000d6880000)
 ParOldGen       total 1398272K, used 1197327K [0x0000000080000000, 0x00000000d5580000, 0x00000000d5580000)
  object space 1398272K, 85% used [0x0000000080000000,0x00000000c9143df0,0x00000000d5580000)
 Metaspace       used 90645K, committed 92544K, reserved 1179648K
  class space    used 9186K, committed 10048K, reserved 1048576K
}
Event: 675.284 GC heap before
{Heap before GC invocations=2184 (full 5):
 PSYoungGen      total 16896K, used 16888K [0x00000000d5580000, 0x00000000d6b00000, 0x0000000100000000)
  eden space 14848K, 100% used [0x00000000d5580000,0x00000000d6400000,0x00000000d6400000)
  from space 2048K, 99% used [0x00000000d6900000,0x00000000d6afe340,0x00000000d6b00000)
  to   space 4608K, 0% used [0x00000000d6400000,0x00000000d6400000,0x00000000d6880000)
 ParOldGen       total 1398272K, used 1197327K [0x0000000080000000, 0x00000000d5580000, 0x00000000d5580000)
  object space 1398272K, 85% used [0x0000000080000000,0x00000000c9143df0,0x00000000d5580000)
 Metaspace       used 90645K, committed 92544K, reserved 1179648K
  class space    used 9186K, committed 10048K, reserved 1048576K
}
Event: 677.294 GC heap after
{Heap after GC invocations=2184 (full 5):
 PSYoungGen      total 19456K, used 1786K [0x00000000d5580000, 0x00000000d6b00000, 0x0000000100000000)
  eden space 14848K, 0% used [0x00000000d5580000,0x00000000d5580000,0x00000000d6400000)
  from space 4608K, 38% used [0x00000000d6400000,0x00000000d65be900,0x00000000d6880000)
  to   space 2048K, 0% used [0x00000000d6900000,0x00000000d6900000,0x00000000d6b00000)
 ParOldGen       total 1398272K, used 1199384K [0x0000000080000000, 0x00000000d5580000, 0x00000000d5580000)
  object space 1398272K, 85% used [0x0000000080000000,0x00000000c9346150,0x00000000d5580000)
 Metaspace       used 90645K, committed 92544K, reserved 1179648K
  class space    used 9186K, committed 10048K, reserved 1048576K
}

